[0mGET / [36m304[0m 906.273 ms - -[0m
[0mGET /favicon.ico [0m-[0m - ms - -[0m
[0mGET / [36m304[0m 1040.527 ms - -[0m
[0mPOST /api/v1/users/profile [33m401[0m 6.880 ms - -[0m
[0mGET /api/v1/posts [32m200[0m 420.235 ms - 1808[0m
[0mPOST /api/v1/auth/create-session [32m200[0m 491.442 ms - 660[0m
[0mGET /static/images/avatar/5ff726789f1dc50024d3b35b.jpg [33m404[0m 174.217 ms - 188[0m
[0mGET /static/images/avatar/5ff7283e1835290024cee3ce.jpg [33m404[0m 181.770 ms - 188[0m
[0mGET /api/v1/friends/ [32m200[0m 673.686 ms - 290[0m
[0mPOST /api/v1/users/get-user/?id=5ff7283e1835290024cee3ce&type=undefined [32m200[0m 917.191 ms - 474[0m
[0mPOST /api/v1/friends/add-remove?id=5ff7283e1835290024cee3ce [32m200[0m 580.951 ms - 72[0m
[0mPOST /api/v1/friends/add-remove?id=5ff7283e1835290024cee3ce [32m200[0m 816.685 ms - 70[0m
[0mGET /static/images/avatar/5ff726789f1dc50024d3b35b.jpg [33m404[0m 177.671 ms - 188[0m
[0mGET /static/images/avatar/5ff7283e1835290024cee3ce.jpg [33m404[0m 207.676 ms - 188[0m
[0mPOST /api/v1/users/get-user/?id=5ff716019f1dc50024d3b34a&type=undefined [32m200[0m 681.608 ms - 1154[0m
[0mGET /static/images/avatar/5ff7283e1835290024cee3ce.jpg [33m404[0m 230.438 ms - 188[0m
[0mGET /static/images/avatar/5ff726789f1dc50024d3b35b.jpg [33m404[0m 238.249 ms - 188[0m
[0mPOST /api/v1/likes/toggle/?id=5ff7284a1835290024cee3cf&type=Post [32m200[0m 874.708 ms - 19[0m
[0mPOST /api/v1/users/get-user/?id=5ff726789f1dc50024d3b35b&type=undefined [32m200[0m 781.336 ms - 527[0m
[0mGET /static/images/avatar/5ff726789f1dc50024d3b35b.jpg [33m404[0m 284.818 ms - 188[0m
[0mGET /static/images/avatar/5ff7283e1835290024cee3ce.jpg [33m404[0m 271.314 ms - 188[0m
[0mPOST /api/v1/users/profile [32m200[0m 226.120 ms - 354[0m
[0mGET /api/v1/posts [32m200[0m 579.837 ms - 1835[0m
[0mGET /static/images/avatar/undefined.jpg [33m404[0m 256.565 ms - 173[0m
[0mGET /api/v1/friends/ [32m200[0m 595.825 ms - 290[0m
[0mGET /static/images/avatar/5ff7283e1835290024cee3ce.jpg [33m404[0m 219.487 ms - 188[0m
[0mGET /static/images/avatar/5ff726789f1dc50024d3b35b.jpg [33m404[0m 226.436 ms - 188[0m
[0mPOST /api/v1/auth/create-session [32m200[0m 514.105 ms - 660[0m
[0mGET /static/images/avatar/5ff7283e1835290024cee3ce.jpg [33m404[0m 234.815 ms - 188[0m
[0mGET /static/images/avatar/5ff726789f1dc50024d3b35b.jpg [33m404[0m 233.510 ms - 188[0m
[0mGET /api/v1/friends/ [36m304[0m 711.114 ms - -[0m
[0mGET / [0m-[0m - ms - -[0m
[0mGET /api/v1/posts [32m200[0m 71.230 ms - 31[0m
[0mPOST /api/v1/users/profile [33m401[0m 61.728 ms - -[0m
[0mGET /api/v1/posts [36m304[0m 60.781 ms - -[0m
[0mPOST /api/v1/users/profile [33m401[0m 104.595 ms - -[0m
[0mGET /api/v1/users/profile [33m404[0m 61.485 ms - 159[0m
[0mPOST /api/v1/auth/create-session [31m500[0m 65.426 ms - 35[0m
[0mPOST /api/v1/users/profile [33m401[0m 4.959 ms - -[0m
[0mGET /api/v1/posts [36m304[0m 60.720 ms - -[0m
[0mGET /api/v1/posts [36m304[0m 48.127 ms - -[0m
[0mPOST /api/v1/users/profile [33m401[0m 0.642 ms - -[0m
[0mPOST /api/v1/auth/create-user [32m200[0m 254.361 ms - 497[0m
[0mPOST /api/v1/posts/create [32m200[0m 238.899 ms - 292[0m
[0mPOST /api/v1/posts/create [32m200[0m 208.464 ms - 295[0m
[0mPOST /api/v1/auth/create-user [32m200[0m 219.645 ms - 496[0m
[0mPOST /api/v1/posts/create [32m200[0m 204.895 ms - 298[0m
[0mGET /api/v1/posts [32m200[0m 100.443 ms - 747[0m
[0mPOST /api/v1/users/profile [32m200[0m 47.087 ms - 276[0m
[0mGET /api/v1/friends/ [32m200[0m 52.278 ms - 37[0m
[0mPOST /api/v1/users/get-user/?id=5ff8c93da2335f243c2cfcbe&type=undefined [32m200[0m 213.821 ms - 723[0m
[0mPOST /api/v1/friends/add-remove?id=5ff8c93da2335f243c2cfcbe [32m200[0m 221.689 ms - 70[0m
[0mPOST /api/v1/users/get-user/?id=5ff8c95da2335f243c2cfcc1&type=undefined [32m200[0m 148.233 ms - 609[0m
[0mPOST /api/v1/likes/toggle/?id=5ff8c950a2335f243c2cfcc0&type=Post [32m200[0m 222.065 ms - 19[0m
[0mPOST /api/v1/likes/toggle/?id=5ff8c96ca2335f243c2cfcc2&type=Post [32m200[0m 208.611 ms - 19[0m
[0mPOST /api/v1/likes/toggle/?id=5ff8c96ca2335f243c2cfcc2&type=Post [32m200[0m 202.872 ms - 21[0m
[0mPOST /api/v1/likes/toggle/?id=5ff8c948a2335f243c2cfcbf&type=Post [32m200[0m 199.741 ms - 19[0m
[0mPOST /api/v1/users/get-user/?id=5ff8c95da2335f243c2cfcc1&type=undefined [32m200[0m 147.475 ms - 609[0m
[0mPATCH /api/v1/users/update [32m200[0m 247.183 ms - 202[0m
[0mPOST /api/v1/users/profile [32m200[0m 116.280 ms - 320[0m
[0mGET /api/v1/posts [32m200[0m 196.401 ms - 799[0m
[0mGET /api/v1/friends/ [32m200[0m 149.783 ms - 155[0m
[0mPOST /api/v1/users/profile [32m200[0m 46.595 ms - 320[0m
[0mGET /api/v1/posts [36m304[0m 107.676 ms - -[0m
[0mGET /api/v1/friends/ [36m304[0m 148.369 ms - -[0m
[0mGET /api/v1/posts [36m304[0m 111.565 ms - -[0m
[0mPOST /api/v1/users/profile [32m200[0m 46.924 ms - 320[0m
[0mGET /api/v1/friends/ [36m304[0m 144.694 ms - -[0m
[0mPOST /api/v1/users/get-user/?id=5ff8c95da2335f243c2cfcc1&type=undefined [32m200[0m 316.214 ms - 645[0m
[0mGET /api/v1/posts [36m304[0m 517.763 ms - -[0m
[0mPOST /api/v1/users/profile [32m200[0m 378.953 ms - 320[0m
[0mGET /api/v1/friends/ [36m304[0m 148.369 ms - -[0m
[0mPOST /api/v1/users/update [33m401[0m 0.740 ms - -[0m
[0mPOST /api/v1/users/profile [32m200[0m 50.015 ms - 320[0m
[0mGET /api/v1/posts [36m304[0m 100.672 ms - -[0m
[0mGET /api/v1/friends/ [36m304[0m 149.339 ms - -[0m
[0mPOST /api/v1/users/profile [33m401[0m 4.352 ms - -[0m
[0mGET /api/v1/posts [32m200[0m 218.617 ms - 799[0m
[0mPOST /api/v1/auth/create-session [32m200[0m 163.628 ms - 503[0m
[0mGET /api/v1/friends/ [32m200[0m 57.819 ms - 37[0m
[0mPOST /api/v1/users/get-user/?id=5ff8c95da2335f243c2cfcc1&type=undefined [32m200[0m 222.488 ms - 477[0m
[0mPOST /api/v1/friends/add-remove?id=5ff8c95da2335f243c2cfcc1 [32m200[0m 251.656 ms - 70[0m
[0mPOST /api/v1/users/get-user/?id=5ff8c93da2335f243c2cfcbe&type=undefined [32m200[0m 162.431 ms - 943[0m
[0mPOST /api/v1/users/get-user/?id=5ff8c95da2335f243c2cfcc1&type=undefined [32m200[0m 209.739 ms - 477[0m
[0mPOST /api/v1/search/?key=no&type=any [32m200[0m 169.219 ms - 184[0m
[0mPOST /api/v1/search/?key=us&type=any [32m200[0m 161.336 ms - 57[0m
[0mPOST /api/v1/search/?key=use&type=any [32m200[0m 162.499 ms - 57[0m
[0mPOST /api/v1/search/?key=us&type=any [32m200[0m 172.607 ms - 57[0m
[0mPOST /api/v1/search/?key=%20x&type=any [32m200[0m 209.354 ms - 202[0m
[0mPOST /api/v1/search/?key=He&type=any [32m200[0m 223.424 ms - 202[0m
[0mPOST /api/v1/search/?key=Hel&type=any [32m200[0m 217.585 ms - 202[0m
[0mPOST /api/v1/search/?key=He&type=any [32m200[0m 221.138 ms - 202[0m
[0mGET / [32m200[0m 180.284 ms - 3919[0m
[0mGET /favicon.ico [33m404[0m 2.264 ms - 150[0m
[0mPOST /api/v1/users/profile [32m200[0m 55.823 ms - 303[0m
[0mGET /api/v1/friends/ [32m200[0m 158.839 ms - 172[0m
[0mPOST /api/v1/users/get-user/?id=5ff8c93da2335f243c2cfcbe&type=undefined [32m200[0m 208.371 ms - 943[0m
[0mPOST /api/v1/auth/google [33m404[0m 14.072 ms - 158[0m
[0mPOST /api/v1/auth/google [32m200[0m 66.683 ms - 16[0m
[0mPOST /api/v1/auth/google [32m200[0m 54.361 ms - 16[0m
[0mPOST /api/v1/auth/google [32m200[0m 53.383 ms - 16[0m
[0mPOST /api/v1/auth/google [0m-[0m - ms - -[0m
[0mPOST /api/v1/users/profile [33m401[0m 8.518 ms - -[0m
[0mGET /api/v1/posts [36m304[0m 209.231 ms - -[0m
[0mPOST /api/v1/users/profile [33m401[0m 3.184 ms - -[0m
[0mGET /api/v1/posts [36m304[0m 132.164 ms - -[0m
[0mPOST /api/v1/auth/create-session [32m200[0m 220.370 ms - 564[0m
[0mGET /api/v1/friends/ [36m304[0m 182.548 ms - -[0m
[0mGET / [32m200[0m 289.540 ms - 3919[0m
[0mGET /favicon.ico [33m404[0m 57.734 ms - 150[0m
[0mPOST /api/v1/users/profile [33m401[0m 6.239 ms - -[0m
[0mGET /api/v1/posts [36m304[0m 236.688 ms - -[0m
[0mPOST /api/v1/users/profile [33m401[0m 1.914 ms - -[0m
[0mGET /api/v1/posts [36m304[0m 117.649 ms - -[0m
[0mPOST /api/v1/users/profile [33m401[0m 0.970 ms - -[0m
[0mGET /api/v1/posts [36m304[0m 103.914 ms - -[0m
[0mPOST /api/v1/auth/google [32m200[0m 81.188 ms - 32[0m
[0mPOST /api/v1/auth/google [32m200[0m 80.701 ms - 32[0m
[0mGET / [36m304[0m 320.856 ms - -[0m
[0mPOST /api/v1/auth/google [32m200[0m 83.443 ms - 32[0m
[0mGET / [36m304[0m 338.860 ms - -[0m
[0mGET / [36m304[0m 222.175 ms - -[0m
[0mPOST /api/v1/auth/google [32m200[0m 73.201 ms - 32[0m
[0mPOST /api/v1/auth/google [0m-[0m - ms - -[0m
[0mPOST /api/v1/auth/google [32m200[0m 151.988 ms - 411[0m
[0mPOST /api/v1/users/profile [33m401[0m 2.064 ms - -[0m
[0mGET /api/v1/posts [36m304[0m 190.221 ms - -[0m
[0mPOST /api/v1/auth/google [32m200[0m 61.521 ms - 411[0m
[0mPOST /api/v1/auth/google [32m200[0m 107.938 ms - 594[0m
[0mPOST /api/v1/auth/google [32m200[0m 137.332 ms - 424[0m
[0mGET /api/v1/users/econfirmation/eyJhbGciOiJIUzI1NiIsInR5cCI6IkpXVCJ9.eyJfaWQiOiI2MDAwMmZiMDU1OWIzMTcwYzI0NWViNmEiLCJpYXQiOjE2MTA2MjQ5NDQsImV4cCI6MTYxMDcxMTM0NH0.yCiqGn7FLWOjOTVogn-x8TxFzmECxl3JhZH7AE059l0 [33m404[0m 58.490 ms - 338[0m
[0mPOST /api/v1/auth/google [32m200[0m 184.032 ms - 424[0m
[0mGET /api/v1/auth/econfirmation/eyJhbGciOiJIUzI1NiIsInR5cCI6IkpXVCJ9.eyJfaWQiOiI2MDAwMzFjZDAzYTVmYzAzYThjZjliOWEiLCJpYXQiOjE2MTA2MjU0ODUsImV4cCI6MTYxMDcxMTg4NX0.aBZmeSa0n-8aboc-Z_0wUwSWy7H5R8klSBKQ42Ozrs8 [32m200[0m 121.581 ms - 46[0m
[0mPOST /api/v1/users/profile [33m401[0m 2.971 ms - -[0m
[0mGET /api/v1/posts [36m304[0m 132.342 ms - -[0m
[0mPOST /api/v1/auth/google [32m200[0m 62.796 ms - 594[0m
[0mGET /api/v1/posts [36m304[0m 105.520 ms - -[0m
[0mPOST /api/v1/users/profile [33m401[0m 0.430 ms - -[0m
[0mPOST /api/v1/auth/google [32m200[0m 56.144 ms - 594[0m
[0mPOST /api/v1/users/get-user/?id=60002de22440d1688adf0706&type=undefined [32m200[0m 106.006 ms - 424[0m
[0mPOST /api/v1/auth/google [32m200[0m 113.021 ms - 424[0m
[0mGET /api/v1/posts [36m304[0m 109.021 ms - -[0m
[0mPOST /api/v1/users/profile [33m401[0m 0.666 ms - -[0m
[0mPOST /api/v1/auth/google [32m200[0m 56.747 ms - 607[0m
[0mPOST /api/v1/auth/google [32m200[0m 56.926 ms - 594[0m
[0mGET /api/v1/auth/econfirmation/eyJhbGciOiJIUzI1NiIsInR5cCI6IkpXVCJ9.eyJfaWQiOiI2MDAwMzNiZTAzYTVmYzAzYThjZjliOWIiLCJpYXQiOjE2MTA2MjU5ODIsImV4cCI6MTYxMDcxMjM4Mn0.gLZ-VYdFMK8s9KtCN2RJlVJWJifkj7kxjj3slnJqNmE [32m200[0m 108.298 ms - 46[0m
[0mPOST /api/v1/users/profile [32m200[0m 104.709 ms - 406[0m
[0mGET /api/v1/posts [36m304[0m 178.867 ms - -[0m
[0mGET /api/v1/friends/ [32m200[0m 50.263 ms - 37[0m
[0mPOST /api/v1/users/get-user/?id=60002de22440d1688adf0706&type=undefined [32m200[0m 106.943 ms - 424[0m
[0mPOST /api/v1/posts/create [32m200[0m 229.685 ms - 312[0m
[0mPOST /api/v1/users/get-user/?id=60002de22440d1688adf0706&type=undefined [32m200[0m 156.282 ms - 816[0m
[0mPOST /api/v1/users/get-user/?id=60002de22440d1688adf0706&type=undefined [32m200[0m 152.833 ms - 816[0m
[0mPOST /api/v1/users/get-user/?id=60002de22440d1688adf0706&type=undefined [32m200[0m 151.714 ms - 816[0m
[0mPOST /api/v1/users/get-user/?id=60002de22440d1688adf0706&type=undefined [32m200[0m 175.120 ms - 816[0m
[0mPOST /api/v1/users/get-user/?id=60002de22440d1688adf0706&type=undefined [32m200[0m 158.340 ms - 816[0m
[0mPOST /api/v1/users/get-user/?id=60002de22440d1688adf0706&type=undefined [32m200[0m 155.864 ms - 816[0m
[0mPOST /api/v1/posts/create [32m200[0m 223.322 ms - 305[0m
[0mPOST /api/v1/users/get-user/?id=60002de22440d1688adf0706&type=undefined [32m200[0m 152.238 ms - 1202[0m
[0mPOST /api/v1/users/get-user/?id=5ff8c95da2335f243c2cfcc1&type=undefined [32m200[0m 212.456 ms - 477[0m
[0mPOST /api/v1/users/get-user/?id=5ff8c95da2335f243c2cfcc1&type=undefined [32m200[0m 214.479 ms - 477[0m
[0mPOST /api/v1/users/get-user/?id=60002de22440d1688adf0706&type=undefined [32m200[0m 155.198 ms - 1202[0m
[0mPOST /api/v1/users/get-user/?id=60002de22440d1688adf0706&type=undefined [32m200[0m 157.528 ms - 1202[0m
[0mDELETE /api/v1/posts/6000500117af8f406b9c0429 [32m200[0m 175.227 ms - 54[0m
[0mPOST /api/v1/users/get-user/?id=5ff8c95da2335f243c2cfcc1&type=undefined [32m200[0m 223.352 ms - 477[0m
[0mPOST /api/v1/friends/add-remove?id=5ff8c95da2335f243c2cfcc1 [32m200[0m 242.753 ms - 70[0m
[0mPOST /api/v1/users/get-user/?id=5ff8c95da2335f243c2cfcc1&type=undefined [32m200[0m 208.965 ms - 477[0m
[0mPOST /api/v1/friends/add-remove?id=5ff8c95da2335f243c2cfcc1 [32m200[0m 154.292 ms - 72[0m
[0mPATCH /api/v1/users/update [33m401[0m 49.571 ms - 32[0m
[0mPATCH /api/v1/users/update [0m-[0m - ms - -[0m
[0mPOST /api/v1/users/get-user/?id=5ff8c93da2335f243c2cfcbe&type=undefined [32m200[0m 544.841 ms - 775[0m
[0mGET /api/v1/posts [32m200[0m 113.552 ms - 1055[0m
[0mPOST /api/v1/users/profile [33m401[0m 2.476 ms - -[0m
[0mPOST /api/v1/auth/google [32m200[0m 60.683 ms - 594[0m
[0mPATCH /api/v1/users/update [32m200[0m 164.436 ms - 344[0m
[0mPOST /api/v1/users/get-user/?id=60002de22440d1688adf0706&type=undefined [32m200[0m 149.735 ms - 648[0m
[0mPATCH /api/v1/auth/change-password [33m400[0m 50.659 ms - 29[0m
[0mGET /api/v1/posts [36m304[0m 102.631 ms - -[0m
[0mPOST /api/v1/users/profile [32m200[0m 49.952 ms - 322[0m
[0mGET /api/v1/friends/ [36m304[0m 52.699 ms - -[0m
[0mPOST /api/v1/users/get-user/?id=60002de22440d1688adf0706&type=undefined [32m200[0m 147.796 ms - 648[0m
[0mGET / [32m200[0m 180.355 ms - 4668[0m
[0mGET /user/profile/60002de22440d1688adf0706 [36m302[0m 60.045 ms - 66[0m
[0mGET /user/login [32m200[0m 58.166 ms - 1828[0m
[0mGET /user/css/layout.css [33m404[0m 48.716 ms - 158[0m
[0mGET /user/css/form_style.css [33m404[0m 48.961 ms - 162[0m
[0mGET /user/css/header.css [33m404[0m 93.376 ms - 158[0m
[0mGET /user/css/footer.css [33m404[0m 99.078 ms - 158[0m
[0mGET / [36m304[0m 214.905 ms - -[0m
[0mPOST /api/v1/users/get-user/?id=60002de22440d1688adf0706&type=undefined [32m200[0m 153.797 ms - 648[0m
[0mPOST /api/v1/auth/create-session [32m200[0m 179.659 ms - 586[0m
[0mGET /api/v1/friends/ [32m200[0m 154.532 ms - 172[0m
[0mPOST /api/v1/users/get-user/?id=5ff8c93da2335f243c2cfcbe&type=undefined [32m200[0m 265.133 ms - 965[0m
[0mPATCH /api/v1/users/update [32m200[0m 236.219 ms - 364[0m
[0mPOST /api/v1/users/get-user/?id=5ff8c93da2335f243c2cfcbe&type=undefined [32m200[0m 164.189 ms - 1016[0m
[0mPOST /api/v1/auth/google [32m200[0m 61.264 ms - 510[0m
[0mGET /api/v1/posts [36m304[0m 102.640 ms - -[0m
[0mPOST /api/v1/users/profile [32m200[0m 50.011 ms - 322[0m
[0mGET /api/v1/friends/ [32m200[0m 50.542 ms - 37[0m
[0mPATCH /api/v1/auth/change-password [33m400[0m 50.305 ms - 29[0m
[0mGET /api/v1/posts [36m304[0m 146.331 ms - -[0m
[0mPOST /api/v1/users/profile [32m200[0m 91.587 ms - 322[0m
[0mGET /api/v1/friends/ [36m304[0m 56.026 ms - -[0m
[0mPATCH /api/v1/auth/change-password [31m501[0m 61.682 ms - 35[0m
[0mPOST /api/v1/users/profile [32m200[0m 55.739 ms - 322[0m
[0mGET /api/v1/posts [36m304[0m 118.605 ms - -[0m
[0mGET /api/v1/friends/ [36m304[0m 58.327 ms - -[0m
[0mPOST /api/v1/users/profile [32m200[0m 110.604 ms - 322[0m
[0mGET /api/v1/posts [36m304[0m 172.902 ms - -[0m
[0mGET /api/v1/friends/ [36m304[0m 57.329 ms - -[0m
[0mPATCH /api/v1/auth/change-password [31m501[0m 62.994 ms - 35[0m
[0mPOST /api/v1/auth/google [32m200[0m 87.454 ms - 510[0m
[0mPOST /api/v1/users/profile [32m200[0m 70.414 ms - 322[0m
[0mGET /api/v1/posts [36m304[0m 165.600 ms - -[0m
[0mGET /api/v1/friends/ [36m304[0m 51.506 ms - -[0m
[0mPATCH /api/v1/auth/change-password [32m200[0m 131.777 ms - 43[0m
[0mPOST /api/v1/users/profile [32m200[0m 55.282 ms - 320[0m
[0mGET /api/v1/posts [36m304[0m 105.181 ms - -[0m
[0mGET /api/v1/friends/ [36m304[0m 50.421 ms - -[0m
[0mPATCH /api/v1/users/update [32m200[0m 260.527 ms - 343[0m
[0mGET /api/v1/posts [36m304[0m 118.822 ms - -[0m
[0mPOST /api/v1/users/profile [32m200[0m 67.405 ms - 321[0m
[0mPOST /api/v1/users/profile [32m200[0m 55.090 ms - 321[0m
[0mGET /api/v1/posts [36m304[0m 105.947 ms - -[0m
[0mGET /api/v1/friends/ [36m304[0m 54.395 ms - -[0m
[0mGET /api/v1/friends/ [32m200[0m 56.057 ms - 37[0m
[0mGET /api/v1/posts [32m200[0m 110.599 ms - 981[0m
[0mPOST /api/v1/users/profile [33m401[0m 51.188 ms - -[0m
[0mPOST /api/v1/auth/google [32m200[0m 127.153 ms - 411[0m
[0mPOST /api/v1/users/profile [33m401[0m 50.701 ms - -[0m
[0mGET /api/v1/posts [32m200[0m 116.711 ms - 799[0m
[0mPOST /api/v1/auth/google [32m200[0m 61.140 ms - 594[0m
[0mPATCH /api/v1/auth/change-password [32m200[0m 145.531 ms - 43[0m
[0mPOST /api/v1/users/profile [32m200[0m 52.977 ms - 404[0m
[0mGET /api/v1/posts [36m304[0m 108.135 ms - -[0m
[0mGET /api/v1/friends/ [36m304[0m 50.358 ms - -[0m
[0mPOST /api/v1/users/profile [33m401[0m 50.681 ms - -[0m
[0mGET /api/v1/posts [36m304[0m 100.052 ms - -[0m
[0mPOST /api/v1/auth/google [32m200[0m 108.661 ms - 411[0m
[0mPATCH /api/v1/auth/change-password [33m401[0m 0.456 ms - -[0m
[0mGET /api/v1/auth/change-password [33m404[0m 60.475 ms - 166[0m
[0mPOST /api/v1/users/profile [33m401[0m 2.223 ms - -[0m
[0mGET /api/v1/posts [36m304[0m 207.224 ms - -[0m
[0mPOST /api/v1/auth/google [32m200[0m 59.232 ms - 594[0m
[0mPATCH /api/v1/auth/change-password [32m200[0m 154.811 ms - 43[0m
[0mPOST /api/v1/auth/google [32m200[0m 62.103 ms - 592[0m
[0mPATCH /api/v1/auth/change-password [32m200[0m 192.871 ms - 43[0m
[0mPOST /api/v1/auth/create-session [32m200[0m 168.227 ms - 630[0m
[0mGET /api/v1/friends/ [36m304[0m 52.373 ms - -[0m
[0mGET /api/v1/posts [36m304[0m 125.414 ms - -[0m
[0mPOST /api/v1/users/profile [33m401[0m 50.807 ms - -[0m
[0mPOST /api/v1/auth/google [32m200[0m 117.204 ms - 411[0m
[0mPATCH /api/v1/auth/change-password [33m401[0m 0.915 ms - -[0m
[0mGET /api/v1/posts [36m304[0m 160.213 ms - -[0m
[0mPOST /api/v1/users/profile [33m401[0m 2.136 ms - -[0m
[0mPOST /api/v1/auth/google [32m200[0m 145.377 ms - 594[0m
[0mPATCH /api/v1/auth/change-password [32m200[0m 167.985 ms - 43[0m
[0mPATCH /api/v1/auth/change-password [32m200[0m 234.285 ms - 43[0m
[0mPOST /api/v1/users/profile [32m200[0m 109.404 ms - 404[0m
[0mGET /api/v1/posts [36m304[0m 189.780 ms - -[0m
[0mGET /api/v1/friends/ [36m304[0m 49.663 ms - -[0m
[0mPOST /api/v1/search/?key=no&type=any [32m200[0m 216.776 ms - 184[0m
[0mPOST /api/v1/search/?key=nod&type=any [32m200[0m 209.574 ms - 184[0m
[0mPOST /api/v1/search/?key=no&type=any [32m200[0m 153.824 ms - 184[0m
[0mPOST /api/v1/search/?key=Bo&type=any [32m200[0m 153.935 ms - 272[0m
[0mPOST /api/v1/search/?key=wa&type=any [32m200[0m 163.314 ms - 57[0m
[0mPOST /api/v1/search/?key=wah&type=any [32m200[0m 149.135 ms - 57[0m
[0mPOST /api/v1/search/?key=wahi&type=any [32m200[0m 149.066 ms - 57[0m
[0mPOST /api/v1/search/?key=wah&type=any [32m200[0m 151.167 ms - 57[0m
[0mPOST /api/v1/search/?key=wa&type=any [32m200[0m 151.151 ms - 57[0m
[0mPOST /api/v1/search/?key=no&type=any [32m200[0m 149.008 ms - 184[0m
[0mPOST /api/v1/search/?key=nod&type=any [32m200[0m 150.067 ms - 184[0m
[0mPOST /api/v1/search/?key=no&type=any [32m200[0m 151.407 ms - 184[0m
[0mGET /api/v1/posts [36m304[0m 103.351 ms - -[0m
[0mPOST /api/v1/users/profile [32m200[0m 65.374 ms - 404[0m
[0mGET /api/v1/friends/ [36m304[0m 51.722 ms - -[0m
[0mGET /api/v1/posts [36m304[0m 104.529 ms - -[0m
[0mPOST /api/v1/users/profile [32m200[0m 50.705 ms - 404[0m
[0mGET /api/v1/friends/ [36m304[0m 76.494 ms - -[0m
[0mPOST /api/v1/posts/create [32m200[0m 249.278 ms - 314[0m
[0mPOST /api/v1/users/profile [32m200[0m 119.011 ms - 404[0m
[0mGET /api/v1/posts [32m200[0m 291.225 ms - 1194[0m
[0mGET /api/v1/friends/ [36m304[0m 51.680 ms - -[0m
[0mGET /api/v1/posts [36m304[0m 118.944 ms - -[0m
[0mPOST /api/v1/users/profile [32m200[0m 53.937 ms - 404[0m
[0mGET /api/v1/friends/ [36m304[0m 56.950 ms - -[0m
[0mPOST /api/v1/users/profile [32m200[0m 49.713 ms - 404[0m
[0mGET /api/v1/posts [36m304[0m 106.334 ms - -[0m
[0mGET /api/v1/friends/ [36m304[0m 50.645 ms - -[0m
