[0mPOST /api/v1/users/create-user [32m200[0m 577.503 ms - 501[0m
[0mPOST /api/v1/users/create-user [32m200[0m 764.683 ms - 501[0m
[0mGET /api/v1/users/econfirmation/eyJhbGciOiJIUzI1NiIsInR5cCI6IkpXVCJ9.eyJfaWQiOiI1ZmYyMWNjZjRjZjkxZTQ3ZjhiOGM4MWIiLCJpYXQiOjE2MDk3MDI2MDgsImV4cCI6MTYwOTc4OTAwOH0.-pTZseysctkgqvqwh_0BapbNbRH8_m7hathd5iAuYnM [36m302[0m 178.257 ms - 86[0m
[0mGET / [32m200[0m 1055.428 ms - 4045[0m
[0mGET /favicon.ico [33m404[0m 251.750 ms - 150[0m
[0mGET /api/v1/ [31m500[0m 263.447 ms - 2217[0m
[0mGET /api/v1/ [32m200[0m 184.181 ms - 4[0m
[0mPOST /api/v1/users/create-user [32m200[0m 715.750 ms - 501[0m
[0mGET /api/v1/users/econfirmation/eyJhbGciOiJIUzI1NiIsInR5cCI6IkpXVCJ9.eyJfaWQiOiI1ZmYyMWZiMjZlYzFlODVhNmE0M2NkZjAiLCJpYXQiOjE2MDk3MDMzNDYsImV4cCI6MTYwOTc4OTc0Nn0.cXZh4rkzHjId07IpRQqphp0hpzMpbSruCb5iZVuwMlI [32m200[0m 404.964 ms - 46[0m
[0mPOST /api/v1/users/create-user [33m422[0m 580.042 ms - 41[0m
[0mPOST /api/v1/users/create-user [32m200[0m 683.108 ms - 506[0m
[0mGET /api/v1/users/econfirmation/eyJhbGciOiJIUzI1NiIsInR5cCI6IkpXVCJ9.eyJfaWQiOiI1ZmYyMjVlY2MxYzQ0ODZhMjU2ZjRmYzAiLCJpYXQiOjE2MDk3MDQ5NDAsImV4cCI6MTYwOTc5MTM0MH0.sy5sz5Qk-iB4Y6N7j3ergL3IkxyfW1simVwYFzvzHM8 [32m200[0m 498.170 ms - 46[0m
[0mPOST /api/v1/auth/create-session [33m422[0m 624.544 ms - 38[0m
[0mPOST /api/v1/auth/create-session [32m200[0m 805.680 ms - 543[0m
[0mGET / [32m200[0m 820.111 ms - 4163[0m
[0mGET /favicon.ico [33m404[0m 1.963 ms - 150[0m
[0mPOST /api/v1/auth/create-session [32m200[0m 569.092 ms - 543[0m
[0mPOST /api/v1/users/get-user/?id=5fe66376d2dba235c7f842cd [31m501[0m 442.159 ms - 35[0m
[0mPOST /api/v1/users/get-user/?id=5fe66376d2dba235c7f842cd [33m404[0m 703.050 ms - 27[0m
[0mPOST /api/v1/users/get-user/?id=5fe66376d2dba235c7f842cd [33m404[0m 596.001 ms - 27[0m
[0mGET /api/v1/users/get-user/?id=5fe66376d2dba235c7f842cd [33m404[0m 203.023 ms - 161[0m
[0mPOST /api/v1/users/get-user/?id=5fe66376d2dba235c7f842cd [33m404[0m 642.761 ms - 27[0m
[0mPOST /api/v1/users/get-user/?id=5fe66376d2dba235c7f842cd [33m404[0m 762.040 ms - 27[0m
[0mPOST /api/v1/users/get-user/?id=5fe66376d2dba235c7f842cd [31m501[0m 656.837 ms - 35[0m
[0mPOST /api/v1/users/get-user/?id=5fe66376d2dba235c7f842cd [32m200[0m 638.723 ms - 121[0m
[0mPOST /api/v1/users/get-user/?id=5fe66376d2dba235c7f842cd&type=short [33m401[0m 6.499 ms - -[0m
[0mPOST /api/v1/auth/create-session [32m200[0m 742.739 ms - 754[0m
[0mPOST /api/v1/users/get-user/?id=5fe66376d2dba235c7f842cd&type=short [32m200[0m 546.353 ms - 332[0m
[0mPOST /api/v1/users/get-user/?id=5fe66376d2dba235c7f842cd&type=full [32m200[0m 848.600 ms - 578[0m
[0mPOST /api/v1/users/get-user/?id=5fe66376d2dba235c7f842cd&type=full [32m200[0m 1114.123 ms - 852[0m
[0mGET / [32m200[0m 3083.719 ms - 4797[0m
[0mGET /user/login [32m200[0m 191.112 ms - 1828[0m
[0mGET /user/css/header.css [33m404[0m 167.620 ms - 158[0m
[0mGET /user/css/layout.css [33m404[0m 173.200 ms - 158[0m
[0mGET /user/css/form_style.css [33m404[0m 171.384 ms - 162[0m
[0mGET /user/css/footer.css [33m404[0m 259.312 ms - 158[0m
[0mPOST /user/create-session [36m302[0m 434.528 ms - 46[0m
[0mGET / [32m200[0m 1418.112 ms - 7464[0m
[0mGET /user/profile/5fe66387d2dba235c7f842ce [32m200[0m 849.844 ms - 2019[0m
[0mGET /user/profile/css/header.css [33m404[0m 326.247 ms - 166[0m
[0mGET /user/profile/css/footer.css [33m404[0m 365.627 ms - 166[0m
[0mGET /user/profile/css/profile.css [33m404[0m 377.988 ms - 167[0m
[0mGET /user/profile/css/layout.css [33m404[0m 381.989 ms - 166[0m
[0mGET /user/profile/js/add_remove_friend.js [33m404[0m 467.133 ms - 175[0m
[0mPOST /friend/add-remove/?id1=5fe66376d2dba235c7f842cd&id2=5fe66387d2dba235c7f842ce [32m200[0m 1096.017 ms - 55[0m
[0mGET / [32m200[0m 1429.046 ms - 7354[0m
[0mGET / [32m200[0m 1287.471 ms - 7090[0m
[0mGET / [32m200[0m 1454.048 ms - 7333[0m
[0mGET /favicon.ico [0m-[0m - ms - -[0m
[0mGET /user/profile/5fe66387d2dba235c7f842ce [32m200[0m 806.871 ms - 2019[0m
[0mGET /user/profile/css/footer.css [33m404[0m 425.953 ms - 166[0m
[0mGET /user/profile/css/profile.css [33m404[0m 428.880 ms - 167[0m
[0mGET /user/profile/css/header.css [33m404[0m 428.041 ms - 166[0m
[0mGET /user/profile/js/add_remove_friend.js [33m404[0m 426.488 ms - 175[0m
[0mGET /user/profile/css/layout.css [33m404[0m 436.226 ms - 166[0m
[0mGET /user/profile/js/add_remove_friend.js [33m404[0m 365.035 ms - 175[0m
[0mGET /favicon.ico [0m-[0m - ms - -[0m
[0mGET / [36m304[0m 1435.016 ms - -[0m
[0mPOST /api/v1/friends/add-remove?id=5ff61692f2501f0024adc06a [33m401[0m 13.416 ms - -[0m
[0mPOST /api/v1/friends/add-remove?id=5ff61692f2501f0024adc06a [33m401[0m 252.566 ms - -[0m
[0mPOST /api/v1/friends/add-remove?id=5ff61692f2501f0024adc06a [33m401[0m 168.013 ms - -[0m
[0mPOST /api/v1/auth/create-session [33m422[0m 580.403 ms - 38[0m
[0mPOST /api/v1/auth/create-session [32m200[0m 724.268 ms - 565[0m
[0mPOST /api/v1/friends/add-remove?id=5ff61692f2501f0024adc06a [32m200[0m 1653.440 ms - 34[0m
[0mPOST /api/v1/friends/add-remove?id=5ff61692f2501f0024adc06a [31m501[0m 1019.097 ms - 35[0m
[0mPOST /api/v1/friends/add-remove?id=5ff61692f2501f0024adc06a [32m200[0m 1413.621 ms - 34[0m
[0mPOST /api/v1/friends/add-remove?id=5ff61692f2501f0024adc06a [32m200[0m 1100.736 ms - 32[0m
[0mPOST /api/v1/friends/add-remove?id=5ff61692f2501f0024adc06a [32m200[0m 1351.577 ms - 34[0m
[0mPOST /api/v1/friends/add-remove?id=5ff61692f2501f0024adc06a [32m200[0m 1092.066 ms - 32[0m
[0mPOST /api/v1/friends/add-remove?id=5ff61692f2501f0024adc06a [32m200[0m 1086.229 ms - 34[0m
[0mPOST /api/v1/friends/add-remove?id=5ff61692f2501f0024adc06a [32m200[0m 1088.729 ms - 32[0m
[0mGET / [32m200[0m 710.683 ms - 4563[0m
[0mGET /favicon.ico [0m-[0m - ms - -[0m
[0mGET /api/v1/friends/ [33m401[0m 13.631 ms - -[0m
[0mPOST /api/v1/auth/create-session [32m200[0m 575.375 ms - 505[0m
[0mGET /api/v1/friends/ [32m200[0m 631.514 ms - 44[0m
[0mGET /api/v1/friends/ [32m200[0m 340.199 ms - 37[0m
[0mGET /api/v1/friends/ [32m200[0m 1054.576 ms - 198[0m
[0mGET /api/v1/friends/ [32m200[0m 1230.532 ms - 48[0m
[0mGET /api/v1/friends/ [32m200[0m 1233.655 ms - 153[0m
[0mGET /api/v1/friends/ [32m200[0m 1093.130 ms - 264[0m
[0mGET /api/v1/friends/ [32m200[0m 1018.020 ms - 265[0m
[0mPOST /api/v1/friends/add-remove?id=5ff61692f2501f0024adc06a [32m200[0m 1107.786 ms - 24[0m
[0mPOST /api/v1/friends/add-remove?id=5ff61692f2501f0024adc06a [32m200[0m 1492.285 ms - 22[0m
[0mPOST /api/v1/friends/add-remove?id=5ff61692f2501f0024adc06a [32m200[0m 1096.703 ms - 24[0m
[0mPOST /api/v1/friends/add-remove?id=5ff61692f2501f0024adc06a [32m200[0m 1200.308 ms - 22[0m
[0mPOST /api/v1/friends/add-remove?id=5ff61692f2501f0024adc06a [32m200[0m 1162.518 ms - 24[0m
[0mPOST /api/v1/friends/add-remove?id=5ff61692f2501f0024adc06a [32m200[0m 1557.183 ms - 22[0m
[0mPOST /api/v1/friends/add-remove?id=5ff61692f2501f0024adc06a [32m200[0m 921.482 ms - 24[0m
[0mPOST /api/v1/friends/add-remove?id=5ff61692f2501f0024adc06a [32m200[0m 1271.474 ms - 22[0m
[0mPOST /api/v1/friends/add-remove?id=5ff61692f2501f0024adc06a [32m200[0m 1230.828 ms - 24[0m
[0mPOST /api/v1/friends/add-remove?id=5ff61692f2501f0024adc06a [32m200[0m 1379.336 ms - 22[0m
[0mPOST /api/v1/friends/add-remove?id=5ff61692f2501f0024adc06a [32m200[0m 887.053 ms - 73[0m
[0mPOST /api/v1/friends/add-remove?id=5ff61692f2501f0024adc06a [32m200[0m 1016.086 ms - 70[0m
[0mPOST /api/v1/users/get-user/?id=5fe66376d2dba235c7f842cd&type=short [33m401[0m 263.386 ms - -[0m
[0mGET /api/v1/friends/ [32m200[0m 863.293 ms - 265[0m
[0mPOST /api/v1/friends/add-remove?id=5ff61692f2501f0024adc06a [32m200[0m 873.340 ms - 73[0m
[0mGET /api/v1/friends/ [32m200[0m 469.863 ms - 37[0m
[0mPOST /api/v1/friends/add-remove?id=5ff61692f2501f0024adc06a [32m200[0m 1079.738 ms - 70[0m
[0mGET /api/v1/friends/ [32m200[0m 789.642 ms - 265[0m
[0mPOST /api/v1/auth/create-session [32m200[0m 617.214 ms - 566[0m
[0mPOST /api/v1/users/get-user/?id=5ff61708f2501f0024adc06f&type=short [32m200[0m 382.532 ms - 313[0m
[0mPOST /api/v1/users/get-user/?id=5ff61708f2501f0024adc06f&type=full [32m200[0m 399.442 ms - 313[0m
[0mPOST /api/v1/users/get-user/?id=5ff61663f2501f0024adc067&type=full [32m200[0m 1379.848 ms - 520[0m
[0mPOST /api/v1/users/get-user/?id=5ff61663f2501f0024adc067&type=full [31m501[0m 645.493 ms - 35[0m
[0mPOST /api/v1/users/get-user/?id=5ff61663f2501f0024adc067&type=full [32m200[0m 1042.548 ms - 520[0m
[0mPOST /api/v1/users/get-user/?id=5ff61708f2501f0024adc06f&type=full [32m200[0m 886.974 ms - 673[0m
[0mGET / [32m200[0m 1433.294 ms - 5838[0m
[0mGET /user/profile/5ff716019f1dc50024d3b34a [36m302[0m 232.988 ms - 66[0m
[0mGET /user/login [36m304[0m 273.109 ms - -[0m
[0mGET /user/css/layout.css [33m404[0m 241.156 ms - 158[0m
[0mGET /user/css/form_style.css [33m404[0m 240.033 ms - 162[0m
[0mGET /user/css/footer.css [33m404[0m 439.578 ms - 158[0m
[0mGET /user/css/header.css [33m404[0m 444.121 ms - 158[0m
[0mGET /favicon.ico [0m-[0m - ms - -[0m
[0mGET / [36m304[0m 843.000 ms - -[0m
