[0mPOST /api/v1/users/get-user/?id=60007224f7937246c937e4d2&type=undefined [32m200[0m 177.840 ms - 827[0m
[0mPOST /api/v1/users/get-user/?id=60007224f7937246c937e4d2&type=undefined [32m200[0m 164.172 ms - 827[0m
[0mGET / [36m304[0m 280.199 ms - -[0m
[0mGET /favicon.ico [0m-[0m - ms - -[0m
[0mPOST /api/v1/users/profile [32m200[0m 67.331 ms - 415[0m
[0mGET /api/v1/posts [36m304[0m 115.714 ms - -[0m
[0mGET /api/v1/friends/ [36m304[0m 55.098 ms - -[0m
[0mPOST /api/v1/auth/google [32m200[0m 60.317 ms - 617[0m
[0mGET /api/v1/posts [36m304[0m 134.724 ms - -[0m
[0mGET /api/v1/posts [32m200[0m 192.804 ms - 1194[0m
[0mPOST /api/v1/users/profile [32m200[0m 55.718 ms - 429[0m
[0mPOST /api/v1/users/profile [32m200[0m 62.130 ms - 429[0m
[0mPOST /api/v1/users/profile [32m200[0m 49.816 ms - 429[0m
[0mGET /api/v1/posts [36m304[0m 114.389 ms - -[0m
[0mPOST /api/v1/users/profile [32m200[0m 49.211 ms - 429[0m
[0mGET /api/v1/posts [32m200[0m 102.944 ms - 1194[0m
[0mGET /api/v1/friends/ [36m304[0m 55.527 ms - -[0m
[0mGET /api/v1/friends/ [32m200[0m 49.907 ms - 37[0m
[0mGET /api/v1/friends/ [32m200[0m 52.224 ms - 37[0m
[0mGET /api/v1/friends/ [36m304[0m 51.985 ms - -[0m
[0mGET /api/v1/posts [36m304[0m 108.488 ms - -[0m
[0mPOST /api/v1/users/profile [32m200[0m 53.418 ms - 429[0m
[0mGET /api/v1/friends/ [36m304[0m 48.661 ms - -[0m
[0mPOST /api/v1/users/profile [32m200[0m 55.034 ms - 429[0m
[0mGET /api/v1/posts [36m304[0m 101.417 ms - -[0m
[0mGET /api/v1/friends/ [36m304[0m 53.574 ms - -[0m
[0mPOST /api/v1/users/profile [32m200[0m 73.283 ms - 429[0m
[0mGET /api/v1/posts [36m304[0m 109.543 ms - -[0m
[0mGET /api/v1/friends/ [36m304[0m 53.193 ms - -[0m
[0mPOST /api/v1/users/profile [33m401[0m 5.022 ms - -[0m
[0mGET /api/v1/posts [32m200[0m 217.709 ms - 1194[0m
[0mPOST /api/v1/auth/create-session [32m200[0m 205.266 ms - 614[0m
[0mGET /api/v1/friends/ [32m200[0m 155.939 ms - 172[0m
[0mPOST /api/v1/auth/google [32m200[0m 52.371 ms - 603[0m
[0mGET /api/v1/posts [36m304[0m 105.671 ms - -[0m
[0mPOST /api/v1/users/profile [32m200[0m 50.801 ms - 353[0m
[0mGET /api/v1/friends/ [36m304[0m 148.506 ms - -[0m
[0mGET /api/v1/posts [36m304[0m 101.408 ms - -[0m
[0mPOST /api/v1/users/profile [32m200[0m 49.877 ms - 353[0m
[0mGET /api/v1/posts [36m304[0m 103.314 ms - -[0m
[0mPOST /api/v1/users/profile [32m200[0m 49.739 ms - 415[0m
[0mGET /api/v1/friends/ [36m304[0m 149.906 ms - -[0m
[0mGET /api/v1/friends/ [36m304[0m 49.283 ms - -[0m
[0mGET /api/v1/posts [36m304[0m 156.189 ms - -[0m
[0mPOST /api/v1/users/profile [32m200[0m 129.281 ms - 353[0m
[0mGET /api/v1/friends/ [36m304[0m 165.689 ms - -[0m
[0mPOST /api/v1/auth/create-session [32m200[0m 277.092 ms - 614[0m
[0mGET /api/v1/friends/ [36m304[0m 155.847 ms - -[0m
[0mPOST /api/v1/auth/create-session [32m200[0m 292.221 ms - 614[0m
[0mGET /api/v1/friends/ [36m304[0m 165.082 ms - -[0m
[0mPOST /api/v1/auth/create-session [32m200[0m 285.438 ms - 614[0m
[0mGET /api/v1/friends/ [36m304[0m 205.357 ms - -[0m
[0mPOST /api/v1/auth/create-session [32m200[0m 231.734 ms - 614[0m
[0mGET /api/v1/friends/ [36m304[0m 217.296 ms - -[0m
[0mPOST /api/v1/auth/create-session [32m200[0m 248.734 ms - 614[0m
[0mGET /api/v1/friends/ [36m304[0m 326.549 ms - -[0m
[0mPOST /api/v1/auth/create-session [32m200[0m 279.661 ms - 614[0m
[0mGET /api/v1/friends/ [36m304[0m 212.598 ms - -[0m
[0mPOST /api/v1/auth/create-session [32m200[0m 279.508 ms - 614[0m
[0mGET /api/v1/friends/ [36m304[0m 356.937 ms - -[0m
[0mPOST /api/v1/auth/create-session [32m200[0m 267.712 ms - 614[0m
[0mGET /api/v1/friends/ [36m304[0m 638.186 ms - -[0m
[0mPOST /api/v1/auth/create-session [32m200[0m 256.137 ms - 614[0m
[0mGET /api/v1/friends/ [36m304[0m 246.742 ms - -[0m
[0mPOST /api/v1/auth/create-session [32m200[0m 256.808 ms - 614[0m
[0mGET /api/v1/friends/ [36m304[0m 257.204 ms - -[0m
[0mPOST /api/v1/auth/create-session [32m200[0m 252.986 ms - 614[0m
[0mGET /api/v1/friends/ [36m304[0m 190.854 ms - -[0m
[0mPOST /api/v1/auth/create-session [32m200[0m 240.709 ms - 615[0m
[0mGET /api/v1/friends/ [32m200[0m 182.802 ms - 172[0m
[0mPOST /api/v1/auth/create-session [32m200[0m 248.866 ms - 614[0m
[0mGET /api/v1/friends/ [36m304[0m 191.806 ms - -[0m
[0mPOST /api/v1/users/profile [33m401[0m 6.071 ms - -[0m
[0mGET /api/v1/posts [36m304[0m 549.065 ms - -[0m
[0mPOST /api/v1/users/profile [32m200[0m 71.028 ms - 353[0m
[0mGET /api/v1/posts [32m200[0m 132.148 ms - 1194[0m
[0mGET /api/v1/friends/ [36m304[0m 184.266 ms - -[0m
[0mPOST /api/v1/auth/create-session [32m200[0m 232.268 ms - 614[0m
[0mGET /api/v1/friends/ [36m304[0m 193.273 ms - -[0m
[0mPOST /api/v1/users/profile [33m401[0m 10.165 ms - -[0m
[0mGET /api/v1/posts [36m304[0m 239.917 ms - -[0m
[0mPOST /api/v1/auth/create-session [32m200[0m 188.829 ms - 614[0m
[0mGET /api/v1/friends/ [32m200[0m 164.921 ms - 172[0m
[0mPOST /api/v1/users/profile [33m401[0m 4.518 ms - -[0m
[0mGET /api/v1/posts [36m304[0m 234.535 ms - -[0m
[0mPOST /api/v1/auth/google [32m200[0m 74.473 ms - 603[0m
[0mPOST /api/v1/users/profile [33m401[0m 5.782 ms - -[0m
[0mGET /api/v1/posts [36m304[0m 217.497 ms - -[0m
[0mPOST /api/v1/users/profile [33m401[0m 1.227 ms - -[0m
[0mGET /api/v1/posts [36m304[0m 117.621 ms - -[0m
[0mGET /api/v1/posts [36m304[0m 108.184 ms - -[0m
[0mPOST /api/v1/users/profile [33m401[0m 0.634 ms - -[0m
[0mPOST /api/v1/users/profile [33m401[0m 0.734 ms - -[0m
[0mGET /api/v1/posts [36m304[0m 106.066 ms - -[0m
[0mPOST /api/v1/auth/create-session [32m200[0m 223.035 ms - 614[0m
[0mPOST /api/v1/users/profile [32m200[0m 50.597 ms - 353[0m
[0mGET /api/v1/posts [36m304[0m 101.861 ms - -[0m
[0mGET /api/v1/friends/ [36m304[0m 213.003 ms - -[0m
[0mGET /api/v1/posts [36m304[0m 114.263 ms - -[0m
[0mPOST /api/v1/users/profile [32m200[0m 59.858 ms - 353[0m
[0mGET /api/v1/friends/ [36m304[0m 169.574 ms - -[0m
[0mPOST /api/v1/users/profile [33m401[0m 0.386 ms - -[0m
[0mGET /api/v1/posts [36m304[0m 113.898 ms - -[0m
[0mPOST /api/v1/auth/create-session [32m200[0m 240.100 ms - 614[0m
[0mGET /api/v1/friends/ [36m304[0m 161.040 ms - -[0m
[0mGET /api/v1/posts [36m304[0m 123.792 ms - -[0m
[0mGET /api/v1/posts [32m200[0m 126.953 ms - 1194[0m
[0mPOST /api/v1/users/profile [32m200[0m 60.925 ms - 353[0m
[0mPOST /api/v1/users/profile [32m200[0m 61.098 ms - 353[0m
[0mGET /api/v1/friends/ [36m304[0m 169.037 ms - -[0m
[0mGET /api/v1/friends/ [32m200[0m 161.616 ms - 172[0m
[0mGET /api/v1/posts [36m304[0m 113.947 ms - -[0m
[0mPOST /api/v1/users/profile [32m200[0m 62.907 ms - 353[0m
[0mGET /api/v1/friends/ [36m304[0m 164.224 ms - -[0m
[0mPOST /api/v1/users/profile [32m200[0m 61.200 ms - 353[0m
[0mPOST /api/v1/users/profile [32m200[0m 60.491 ms - 353[0m
[0mGET /api/v1/posts [36m304[0m 111.534 ms - -[0m
[0mGET /api/v1/posts [32m200[0m 118.365 ms - 1194[0m
[0mGET /api/v1/friends/ [36m304[0m 171.676 ms - -[0m
[0mGET /api/v1/friends/ [32m200[0m 164.305 ms - 172[0m
[0mGET /api/v1/posts [36m304[0m 114.058 ms - -[0m
[0mGET /api/v1/posts [32m200[0m 111.727 ms - 1194[0m
[0mPOST /api/v1/users/profile [32m200[0m 48.482 ms - 353[0m
[0mPOST /api/v1/users/profile [32m200[0m 61.019 ms - 353[0m
[0mGET /api/v1/friends/ [36m304[0m 169.865 ms - -[0m
[0mGET /api/v1/friends/ [36m304[0m 167.585 ms - -[0m
[0mPOST /api/v1/users/profile [33m401[0m 0.658 ms - -[0m
[0mPOST /api/v1/users/profile [33m401[0m 0.536 ms - -[0m
[0mGET /api/v1/posts [36m304[0m 115.982 ms - -[0m
[0mGET /api/v1/posts [32m200[0m 124.316 ms - 1194[0m
[0mPOST /api/v1/auth/create-session [32m200[0m 208.545 ms - 614[0m
[0mGET /api/v1/friends/ [36m304[0m 170.500 ms - -[0m
[0mPOST /api/v1/users/profile [32m200[0m 49.878 ms - 353[0m
[0mGET /api/v1/posts [36m304[0m 109.401 ms - -[0m
[0mPOST /api/v1/users/profile [32m200[0m 66.250 ms - 353[0m
[0mGET /api/v1/posts [32m200[0m 115.646 ms - 1194[0m
[0mGET /api/v1/friends/ [36m304[0m 159.238 ms - -[0m
[0mGET /api/v1/friends/ [36m304[0m 182.439 ms - -[0m
[0mPOST /api/v1/users/profile [32m200[0m 50.931 ms - 353[0m
[0mGET /api/v1/posts [36m304[0m 122.186 ms - -[0m
[0mGET /api/v1/friends/ [36m304[0m 177.430 ms - -[0m
[0mPOST /api/v1/users/profile [32m200[0m 60.773 ms - 353[0m
[0mPOST /api/v1/users/profile [32m200[0m 64.101 ms - 353[0m
[0mGET /api/v1/posts [36m304[0m 105.379 ms - -[0m
[0mGET /api/v1/posts [32m200[0m 113.688 ms - 1194[0m
[0mGET /api/v1/friends/ [36m304[0m 162.440 ms - -[0m
[0mGET /api/v1/friends/ [32m200[0m 165.081 ms - 172[0m
[0mPOST /api/v1/users/get-user/?id=5ff8c95da2335f243c2cfcc1&type=undefined [32m200[0m 231.630 ms - 477[0m
[0mPOST /api/v1/users/get-user/?id=5ff8c95da2335f243c2cfcc1&type=undefined [32m200[0m 248.411 ms - 477[0m
[0mPOST /api/v1/users/get-user/?id=60007224f7937246c937e4d2&type=undefined [32m200[0m 230.639 ms - 652[0m
[0mPOST /api/v1/users/profile [33m401[0m 0.644 ms - -[0m
[0mGET /api/v1/posts [36m304[0m 110.675 ms - -[0m
[0mPOST /api/v1/auth/create-session [32m200[0m 223.264 ms - 614[0m
[0mGET /api/v1/posts [36m304[0m 129.719 ms - -[0m
[0mPOST /api/v1/users/profile [32m200[0m 51.280 ms - 353[0m
[0mGET /api/v1/friends/ [36m304[0m 156.846 ms - -[0m
[0mGET /api/v1/friends/ [36m304[0m 185.772 ms - -[0m
[0mPOST /api/v1/users/get-user/?id=5ff8c95da2335f243c2cfcc1&type=undefined [32m200[0m 224.863 ms - 477[0m
[0mPOST /api/v1/users/get-user/?id=60007224f7937246c937e4d2&type=undefined [32m200[0m 263.034 ms - 652[0m
[0mPOST /api/v1/friends/add-remove?id=60007224f7937246c937e4d2 [32m200[0m 240.169 ms - 70[0m
[0mPOST /api/v1/friends/add-remove?id=60007224f7937246c937e4d2 [32m200[0m 175.743 ms - 72[0m
[0mGET /api/v1/posts [36m304[0m 124.849 ms - -[0m
[0mPOST /api/v1/users/profile [33m401[0m 0.713 ms - -[0m
[0mPOST /api/v1/users/profile [33m401[0m 0.453 ms - -[0m
[0mGET /api/v1/posts [36m304[0m 105.433 ms - -[0m
[0mPOST /api/v1/users/profile [33m401[0m 0.701 ms - -[0m
[0mGET /api/v1/posts [36m304[0m 115.149 ms - -[0m
[0mPOST /api/v1/users/profile [33m401[0m 0.502 ms - -[0m
[0mGET /api/v1/posts [36m304[0m 114.685 ms - -[0m
[0mPOST /api/v1/users/profile [33m401[0m 0.629 ms - -[0m
[0mGET /api/v1/posts [36m304[0m 125.608 ms - -[0m
[0mPOST /api/v1/users/profile [33m401[0m 0.585 ms - -[0m
[0mGET /api/v1/posts [36m304[0m 100.187 ms - -[0m
[0mPOST /api/v1/users/profile [33m401[0m 0.624 ms - -[0m
[0mGET /api/v1/posts [36m304[0m 124.534 ms - -[0m
[0mPOST /api/v1/auth/create-session [32m200[0m 225.690 ms - 614[0m
[0mPOST /api/v1/auth/create-session [32m200[0m 214.738 ms - 614[0m
[0mPOST /api/v1/users/profile [32m200[0m 51.455 ms - 353[0m
[0mGET /api/v1/posts [36m304[0m 126.446 ms - -[0m
[0mGET /api/v1/friends/ [36m304[0m 158.452 ms - -[0m
[0mPOST /api/v1/auth/create-session [32m200[0m 225.374 ms - 614[0m
[0mGET /api/v1/friends/ [36m304[0m 180.908 ms - -[0m
[0mGET /api/v1/posts [36m304[0m 124.285 ms - -[0m
[0mPOST /api/v1/users/profile [32m200[0m 49.731 ms - 353[0m
[0mGET /api/v1/friends/ [36m304[0m 177.256 ms - -[0m
[0mPOST /api/v1/users/profile [32m200[0m 60.918 ms - 353[0m
[0mGET /api/v1/posts [36m304[0m 121.784 ms - -[0m
[0mGET /api/v1/friends/ [36m304[0m 168.565 ms - -[0m
[0mPOST /api/v1/users/profile [32m200[0m 59.949 ms - 353[0m
[0mGET /api/v1/posts [36m304[0m 123.073 ms - -[0m
[0mGET /api/v1/friends/ [36m304[0m 159.749 ms - -[0m
[0mPOST /api/v1/users/profile [32m200[0m 60.329 ms - 353[0m
[0mGET /api/v1/posts [36m304[0m 111.321 ms - -[0m
[0mGET /api/v1/friends/ [36m304[0m 148.790 ms - -[0m
[0mPOST /api/v1/users/profile [32m200[0m 50.010 ms - 353[0m
[0mGET /api/v1/posts [36m304[0m 127.092 ms - -[0m
[0mGET /api/v1/friends/ [36m304[0m 158.621 ms - -[0m
[0mPOST /api/v1/auth/create-session [32m200[0m 167.820 ms - 614[0m
[0mGET /api/v1/friends/ [36m304[0m 182.484 ms - -[0m
[0mPOST /api/v1/users/profile [32m200[0m 48.811 ms - 353[0m
[0mGET /api/v1/posts [36m304[0m 112.164 ms - -[0m
[0mGET /api/v1/friends/ [36m304[0m 188.082 ms - -[0m
[0mPOST /api/v1/auth/create-session [32m200[0m 172.331 ms - 614[0m
[0mGET /api/v1/friends/ [36m304[0m 182.576 ms - -[0m
[0mGET /api/v1/posts [36m304[0m 103.719 ms - -[0m
[0mPOST /api/v1/users/profile [32m200[0m 79.166 ms - 353[0m
[0mGET /api/v1/friends/ [36m304[0m 168.203 ms - -[0m
[0mPOST /api/v1/auth/create-session [32m200[0m 223.837 ms - 614[0m
[0mGET /api/v1/friends/ [36m304[0m 181.584 ms - -[0m
[0mGET /api/v1/posts [36m304[0m 117.117 ms - -[0m
[0mPOST /api/v1/users/profile [32m200[0m 60.532 ms - 353[0m
[0mGET /api/v1/friends/ [36m304[0m 172.573 ms - -[0m
[0mGET /api/v1/posts [32m200[0m 291.877 ms - 1194[0m
[0mPOST /api/v1/users/profile [32m200[0m 144.843 ms - 353[0m
[0mGET /api/v1/friends/ [36m304[0m 170.587 ms - -[0m
[0mPOST /api/v1/users/profile [32m200[0m 63.441 ms - 353[0m
[0mGET /api/v1/posts [36m304[0m 125.819 ms - -[0m
[0mGET /api/v1/friends/ [36m304[0m 182.132 ms - -[0m
[0mPOST /api/v1/users/profile [32m200[0m 60.488 ms - 353[0m
[0mGET /api/v1/posts [36m304[0m 114.962 ms - -[0m
[0mGET /api/v1/friends/ [36m304[0m 167.987 ms - -[0m
[0mPOST /api/v1/users/profile [32m200[0m 60.157 ms - 353[0m
[0mGET /api/v1/posts [36m304[0m 113.377 ms - -[0m
[0mGET /api/v1/friends/ [36m304[0m 165.775 ms - -[0m
[0mPOST /api/v1/users/profile [32m200[0m 61.512 ms - 353[0m
[0mGET /api/v1/posts [36m304[0m 121.370 ms - -[0m
[0mGET /api/v1/friends/ [36m304[0m 174.001 ms - -[0m
[0mPOST /api/v1/users/profile [33m401[0m 5.811 ms - -[0m
[0mGET /api/v1/posts [36m304[0m 134.462 ms - -[0m
[0mPOST /api/v1/auth/google [32m200[0m 61.863 ms - 603[0m
[0mGET / [36m304[0m 186.318 ms - -[0m
[0mGET /favicon.ico [0m-[0m - ms - -[0m
[0mPOST /api/v1/users/profile [32m200[0m 53.408 ms - 415[0m
[0mGET /api/v1/posts [32m200[0m 101.721 ms - 1194[0m
[0mGET /api/v1/friends/ [32m200[0m 54.362 ms - 37[0m
[0mGET /api/v1/posts [36m304[0m 121.716 ms - -[0m
[0mPOST /api/v1/users/profile [32m200[0m 55.252 ms - 415[0m
[0mGET /api/v1/friends/ [36m304[0m 62.231 ms - -[0m
[0mGET /api/v1/posts [36m304[0m 107.917 ms - -[0m
[0mPOST /api/v1/users/profile [32m200[0m 52.715 ms - 415[0m
[0mGET /api/v1/friends/ [36m304[0m 56.184 ms - -[0m
[0mGET /api/v1/posts [36m304[0m 103.919 ms - -[0m
[0mPOST /api/v1/users/profile [32m200[0m 49.991 ms - 415[0m
[0mGET /api/v1/friends/ [36m304[0m 49.291 ms - -[0m
[0mPOST /api/v1/users/profile [32m200[0m 53.509 ms - 415[0m
[0mGET /api/v1/posts [36m304[0m 108.874 ms - -[0m
[0mGET /api/v1/friends/ [36m304[0m 54.294 ms - -[0m
[0mPOST /api/v1/users/profile [32m200[0m 49.814 ms - 415[0m
[0mGET /api/v1/posts [36m304[0m 110.281 ms - -[0m
[0mPOST /api/v1/users/profile [32m200[0m 52.315 ms - 415[0m
[0mGET /api/v1/posts [36m304[0m 103.525 ms - -[0m
[0mGET /api/v1/friends/ [36m304[0m 56.971 ms - -[0m
[0mGET /api/v1/posts [36m304[0m 106.231 ms - -[0m
[0mPOST /api/v1/users/profile [32m200[0m 50.437 ms - 415[0m
[0mGET /api/v1/friends/ [36m304[0m 50.802 ms - -[0m
[0mGET /api/v1/posts [36m304[0m 106.545 ms - -[0m
[0mPOST /api/v1/users/profile [32m200[0m 52.594 ms - 415[0m
[0mGET /api/v1/friends/ [36m304[0m 52.526 ms - -[0m
