[0mGET /api/v1/posts [36m304[0m 187.657 ms - -[0m
[0mPOST /api/v1/users/profile [33m401[0m 4.550 ms - -[0m
[0mPOST /api/v1/auth/google [32m200[0m 58.963 ms - 592[0m
[0mPOST /api/v1/auth/google [32m200[0m 53.775 ms - 592[0m
[0mPOST /api/v1/auth/google [32m200[0m 55.853 ms - 592[0m
[0mPOST /api/v1/users/profile [33m401[0m 4.086 ms - -[0m
[0mGET /api/v1/posts [36m304[0m 192.820 ms - -[0m
[0mPOST /api/v1/auth/google [32m200[0m 78.128 ms - 592[0m
[0mPOST /api/v1/auth/google [32m200[0m 57.288 ms - 592[0m
[0mPOST /api/v1/posts/create [32m200[0m 290.832 ms - 631[0m
[0mDELETE /api/v1/posts/60020380ed875039ea83169a [32m200[0m 216.730 ms - 54[0m
[0mPOST /api/v1/auth/google [32m200[0m 59.149 ms - 592[0m
[0mGET / [36m304[0m 192.882 ms - -[0m
[0mGET /favicon.ico [0m-[0m - ms - -[0m
[0mPOST /api/v1/users/profile [32m200[0m 53.545 ms - 404[0m
[0mGET /api/v1/posts [36m304[0m 112.573 ms - -[0m
[0mGET /api/v1/friends/ [36m304[0m 54.198 ms - -[0m
[0mPOST /api/v1/users/profile [32m200[0m 109.178 ms - 404[0m
[0mGET /api/v1/posts [36m304[0m 183.874 ms - -[0m
[0mGET /api/v1/friends/ [36m304[0m 55.002 ms - -[0m
[0mPOST /api/v1/users/profile [32m200[0m 101.348 ms - 404[0m
[0mGET /api/v1/posts [36m304[0m 196.843 ms - -[0m
[0mGET /api/v1/friends/ [36m304[0m 56.167 ms - -[0m
[0mGET /api/v1/posts [36m304[0m 156.056 ms - -[0m
[0mPOST /api/v1/users/profile [32m200[0m 84.231 ms - 415[0m
[0mGET /api/v1/friends/ [36m304[0m 50.980 ms - -[0m
[0mPOST /api/v1/users/profile [32m200[0m 121.546 ms - 415[0m
[0mGET /api/v1/posts [36m304[0m 194.376 ms - -[0m
[0mPOST /api/v1/users/profile [32m200[0m 100.253 ms - 415[0m
[0mGET /api/v1/posts [36m304[0m 174.077 ms - -[0m
[0mGET /api/v1/friends/ [36m304[0m 53.040 ms - -[0m
[0mPOST /api/v1/users/profile [32m200[0m 128.245 ms - 415[0m
[0mGET /api/v1/posts [36m304[0m 208.911 ms - -[0m
[0mGET /api/v1/friends/ [36m304[0m 73.916 ms - -[0m
[0mPOST /api/v1/users/profile [32m200[0m 110.528 ms - 415[0m
[0mGET /api/v1/posts [36m304[0m 176.319 ms - -[0m
[0mPOST /api/v1/users/profile [32m200[0m 52.782 ms - 415[0m
[0mGET /api/v1/posts [36m304[0m 106.696 ms - -[0m
[0mGET /api/v1/friends/ [36m304[0m 54.026 ms - -[0m
[0mGET /api/v1/posts [36m304[0m 143.915 ms - -[0m
[0mPOST /api/v1/users/profile [32m200[0m 60.379 ms - 415[0m
[0mGET /api/v1/friends/ [36m304[0m 55.834 ms - -[0m
[0mPOST /api/v1/users/profile [33m401[0m 6.468 ms - -[0m
[0mGET /api/v1/posts [36m304[0m 226.491 ms - -[0m
[0mPOST /api/v1/users/profile [33m401[0m 1.955 ms - -[0m
[0mGET /api/v1/posts [36m304[0m 117.670 ms - -[0m
[0mPOST /api/v1/auth/google [32m200[0m 77.002 ms - 603[0m
[0mPOST /api/v1/users/profile [33m401[0m 9.772 ms - -[0m
[0mGET /api/v1/posts [36m304[0m 250.819 ms - -[0m
[0mPOST /api/v1/auth/google [32m200[0m 95.087 ms - 603[0m
