[0mPOST /api/v1/users/profile [32m200[0m 54.516 ms - 415[0m
[0mGET /api/v1/posts [36m304[0m 105.705 ms - -[0m
[0mGET /api/v1/friends/ [36m304[0m 61.547 ms - -[0m
[0mPOST /api/v1/users/profile [32m200[0m 50.758 ms - 415[0m
[0mGET /api/v1/posts [36m304[0m 107.887 ms - -[0m
[0mGET /api/v1/friends/ [36m304[0m 49.198 ms - -[0m
[0mPOST /api/v1/users/get-user/?id=60007224f7937246c937e4d2&type=undefined [32m200[0m 151.974 ms - 827[0m
[0mPOST /api/v1/search/?key=no&type=any [32m200[0m 155.549 ms - 184[0m
[0mPOST /api/v1/users/get-user/?id=5ff8c95da2335f243c2cfcc1&type=undefined [32m200[0m 204.755 ms - 477[0m
[0mPOST /api/v1/search/?key=no&type=any [32m200[0m 153.217 ms - 184[0m
[0mPOST /api/v1/search/?key=nod&type=any [32m200[0m 157.329 ms - 184[0m
[0mPOST /api/v1/search/?key=re&type=any [32m200[0m 156.368 ms - 184[0m
[0mPOST /api/v1/search/?key=rea&type=any [32m200[0m 149.240 ms - 184[0m
[0mPOST /api/v1/search/?key=reac&type=any [32m200[0m 159.736 ms - 184[0m
[0mPOST /api/v1/users/profile [32m200[0m 52.042 ms - 415[0m
[0mGET /api/v1/posts [36m304[0m 100.971 ms - -[0m
[0mGET /api/v1/friends/ [36m304[0m 51.925 ms - -[0m
[0mGET /api/v1/posts [36m304[0m 105.674 ms - -[0m
[0mPOST /api/v1/users/profile [32m200[0m 50.404 ms - 415[0m
[0mGET /api/v1/friends/ [36m304[0m 54.121 ms - -[0m
[0mGET /api/v1/posts [36m304[0m 103.315 ms - -[0m
[0mPOST /api/v1/users/profile [32m200[0m 52.734 ms - 415[0m
[0mGET /api/v1/friends/ [36m304[0m 54.522 ms - -[0m
[0mGET /api/v1/posts [36m304[0m 106.166 ms - -[0m
[0mPOST /api/v1/users/profile [32m200[0m 51.481 ms - 415[0m
[0mGET /api/v1/friends/ [36m304[0m 50.527 ms - -[0m
[0mPOST /api/v1/search/?key=bd&type=any [32m200[0m 221.449 ms - 57[0m
[0mPOST /api/v1/search/?key=bda&type=any [32m200[0m 268.958 ms - 57[0m
[0mPOST /api/v1/search/?key=bdas&type=any [32m200[0m 246.289 ms - 57[0m
[0mPOST /api/v1/search/?key=bdash&type=any [32m200[0m 309.811 ms - 57[0m
[0mPOST /api/v1/search/?key=bdas&type=any [32m200[0m 150.347 ms - 57[0m
[0mPOST /api/v1/search/?key=bda&type=any [32m200[0m 146.703 ms - 57[0m
[0mPOST /api/v1/search/?key=bd&type=any [32m200[0m 154.171 ms - 57[0m
[0mPOST /api/v1/search/?key=no&type=any [32m200[0m 150.451 ms - 184[0m
[0mPOST /api/v1/search/?key=no&type=user [32m200[0m 106.595 ms - 99[0m
[0mPOST /api/v1/search/?key=nod&type=user [32m200[0m 101.515 ms - 99[0m
[0mPOST /api/v1/search/?key=no&type=user [32m200[0m 102.961 ms - 99[0m
[0mPOST /api/v1/search/?key=he&type=user [32m200[0m 101.536 ms - 39[0m
[0mPOST /api/v1/search/?key=hel&type=user [32m200[0m 101.181 ms - 39[0m
[0mPOST /api/v1/search/?key=hell&type=user [32m200[0m 103.361 ms - 39[0m
[0mPOST /api/v1/search/?key=no&type=user [32m200[0m 101.051 ms - 99[0m
[0mPOST /api/v1/search/?key=nod&type=user [32m200[0m 98.837 ms - 99[0m
[0mGET /api/v1/posts [36m304[0m 101.897 ms - -[0m
[0mPOST /api/v1/users/profile [32m200[0m 75.833 ms - 415[0m
[0mGET /api/v1/friends/ [36m304[0m 53.031 ms - -[0m
[0mPOST /api/v1/auth/google [32m200[0m 53.791 ms - 603[0m
[0mPOST /api/v1/search/?key=no&type=user [32m200[0m 104.367 ms - 99[0m
[0mPOST /api/v1/search/?key=nod&type=user [32m200[0m 97.316 ms - 99[0m
[0mPOST /api/v1/search/?key=no&type=user [32m200[0m 99.332 ms - 99[0m
[0mPOST /api/v1/search/?key=nod&type=user [32m200[0m 105.229 ms - 99[0m
[0mPOST /api/v1/search/?key=node&type=user [32m200[0m 107.651 ms - 99[0m
[0mPOST /api/v1/search/?key=nod&type=user [32m200[0m 99.947 ms - 99[0m
[0mPOST /api/v1/search/?key=no&type=user [32m200[0m 104.444 ms - 99[0m
[0mPOST /api/v1/search/?key=nod&type=user [32m200[0m 101.078 ms - 99[0m
[0mGET /api/v1/posts [36m304[0m 102.445 ms - -[0m
[0mPOST /api/v1/users/profile [32m200[0m 48.578 ms - 415[0m
[0mGET /api/v1/friends/ [36m304[0m 53.614 ms - -[0m
[0mPOST /api/v1/search/?key=no&type=user [32m200[0m 105.597 ms - 99[0m
[0mPOST /api/v1/search/?key=bo&type=user [32m200[0m 105.893 ms - 39[0m
[0mPOST /api/v1/search/?key=bot&type=user [32m200[0m 125.248 ms - 39[0m
[0mPOST /api/v1/search/?key=bo&type=user [32m200[0m 96.223 ms - 39[0m
[0mPOST /api/v1/search/?key=Bo&type=user [32m200[0m 98.345 ms - 189[0m
[0mPOST /api/v1/users/get-user/?id=60007224f7937246c937e4d2&type=undefined [32m200[0m 145.920 ms - 827[0m
[0mPOST /api/v1/posts/create [32m200[0m 215.729 ms - 681[0m
[0mDELETE /api/v1/posts/60073d019aec8258c732757a [32m200[0m 154.305 ms - 54[0m
[0mPOST /api/v1/search/?key=re&type=user [32m200[0m 104.251 ms - 100[0m
[0mPOST /api/v1/search/?key=rea&type=user [32m200[0m 108.710 ms - 100[0m
[0mPOST /api/v1/search/?key=re&type=user [32m200[0m 102.928 ms - 100[0m
[0mGET /api/v1/posts [36m304[0m 105.580 ms - -[0m
[0mPOST /api/v1/users/profile [32m200[0m 48.681 ms - 415[0m
[0mGET /api/v1/friends/ [36m304[0m 54.920 ms - -[0m
[0mPOST /api/v1/search/?key=no&type=user [32m200[0m 98.309 ms - 99[0m
[0mPOST /api/v1/users/profile [32m200[0m 49.480 ms - 415[0m
[0mGET /api/v1/posts [36m304[0m 100.154 ms - -[0m
[0mGET /api/v1/friends/ [36m304[0m 50.006 ms - -[0m
[0mGET /api/v1/posts [36m304[0m 101.902 ms - -[0m
[0mPOST /api/v1/users/profile [32m200[0m 49.917 ms - 415[0m
[0mGET /api/v1/friends/ [36m304[0m 50.615 ms - -[0m
[0mPOST /api/v1/search/?key=no&type=user [32m200[0m 98.066 ms - 99[0m
[0mPOST /api/v1/search/?key=re&type=user [32m200[0m 105.696 ms - 100[0m
[0mPOST /api/v1/search/?key=rea&type=user [32m200[0m 97.096 ms - 100[0m
[0mPOST /api/v1/search/?key=re&type=user [32m200[0m 96.728 ms - 100[0m
[0mPOST /api/v1/search/?key=Bo&type=user [32m200[0m 104.526 ms - 189[0m
[0mGET /api/v1/posts [36m304[0m 105.708 ms - -[0m
[0mPOST /api/v1/users/profile [32m200[0m 54.533 ms - 415[0m
[0mGET /api/v1/friends/ [36m304[0m 52.057 ms - -[0m
[0mGET /api/v1/posts [36m304[0m 102.211 ms - -[0m
[0mPOST /api/v1/users/profile [32m200[0m 52.381 ms - 415[0m
[0mGET /api/v1/friends/ [36m304[0m 50.580 ms - -[0m
[0mGET /api/v1/posts [36m304[0m 103.952 ms - -[0m
[0mPOST /api/v1/users/profile [32m200[0m 49.895 ms - 415[0m
[0mGET /api/v1/friends/ [36m304[0m 54.945 ms - -[0m
[0mPOST /api/v1/users/get-user/?id=60007224f7937246c937e4d2&type=undefined [32m200[0m 146.712 ms - 827[0m
[0mGET /api/v1/posts [36m304[0m 105.721 ms - -[0m
[0mPOST /api/v1/users/profile [32m200[0m 54.454 ms - 415[0m
[0mGET /api/v1/friends/ [36m304[0m 54.992 ms - -[0m
[0mGET /api/v1/posts [36m304[0m 107.103 ms - -[0m
[0mPOST /api/v1/users/profile [32m200[0m 49.345 ms - 415[0m
[0mGET /api/v1/friends/ [36m304[0m 51.573 ms - -[0m
[0mPOST /api/v1/users/get-user/?id=60007224f7937246c937e4d2&type=undefined [32m200[0m 152.167 ms - 827[0m
[0mPOST /api/v1/users/get-user/?id=60007224f7937246c937e4d2&type=undefined [32m200[0m 153.420 ms - 827[0m
[0mPOST /api/v1/auth/google [32m200[0m 51.744 ms - 603[0m
[0mGET /api/v1/posts [36m304[0m 103.371 ms - -[0m
[0mPOST /api/v1/users/profile [32m200[0m 49.074 ms - 415[0m
[0mGET /api/v1/friends/ [36m304[0m 49.852 ms - -[0m
[0mGET /api/v1/posts [36m304[0m 101.468 ms - -[0m
[0mPOST /api/v1/users/profile [32m200[0m 49.857 ms - 415[0m
[0mGET /api/v1/friends/ [36m304[0m 51.130 ms - -[0m
[0mGET /api/v1/posts [36m304[0m 102.590 ms - -[0m
[0mPOST /api/v1/users/profile [32m200[0m 48.575 ms - 415[0m
[0mGET /api/v1/friends/ [36m304[0m 48.180 ms - -[0m
[0mPOST /api/v1/users/profile [33m401[0m 0.569 ms - -[0m
[0mGET /api/v1/posts [32m200[0m 102.808 ms - 1194[0m
[0mPOST /api/v1/users/profile [33m401[0m 0.927 ms - -[0m
[0mGET /api/v1/posts [36m304[0m 104.904 ms - -[0m
[0mPOST /api/v1/auth/create-session [32m200[0m 217.005 ms - 614[0m
[0mGET /api/v1/friends/ [32m200[0m 154.567 ms - 172[0m
[0mPOST /api/v1/users/profile [33m401[0m 0.383 ms - -[0m
[0mGET /api/v1/posts [36m304[0m 101.765 ms - -[0m
[0mPOST /api/v1/users/profile [33m401[0m 0.741 ms - -[0m
[0mGET /api/v1/posts [36m304[0m 106.563 ms - -[0m
[0mPOST /api/v1/auth/create-session [32m200[0m 218.662 ms - 614[0m
[0mGET /api/v1/friends/ [36m304[0m 152.952 ms - -[0m
[0mPOST /api/v1/users/profile [33m401[0m 0.526 ms - -[0m
[0mGET /api/v1/posts [36m304[0m 123.963 ms - -[0m
[0mPOST /api/v1/users/profile [32m200[0m 63.304 ms - 415[0m
[0mGET /api/v1/posts [36m304[0m 120.001 ms - -[0m
[0mGET /api/v1/friends/ [36m304[0m 57.842 ms - -[0m
[0mPOST /api/v1/users/profile [33m401[0m 0.361 ms - -[0m
[0mGET /api/v1/posts [36m304[0m 122.365 ms - -[0m
[0mPOST /api/v1/auth/create-session [32m200[0m 188.871 ms - 614[0m
[0mGET /api/v1/friends/ [36m304[0m 179.920 ms - -[0m
[0mPOST /api/v1/users/profile [32m200[0m 51.188 ms - 353[0m
[0mGET /api/v1/posts [36m304[0m 100.761 ms - -[0m
[0mGET /api/v1/friends/ [36m304[0m 150.202 ms - -[0m
[0mGET /api/v1/posts [36m304[0m 108.090 ms - -[0m
[0mPOST /api/v1/users/profile [32m200[0m 52.936 ms - 415[0m
[0mGET /api/v1/friends/ [36m304[0m 54.775 ms - -[0m
[0mPOST /api/v1/auth/create-session [32m200[0m 279.908 ms - 614[0m
[0mGET /api/v1/friends/ [36m304[0m 155.137 ms - -[0m
[0mPOST /api/v1/auth/google [32m200[0m 96.391 ms - 603[0m
[0mGET /api/v1/posts [36m304[0m 184.058 ms - -[0m
[0mPOST /api/v1/users/profile [32m200[0m 86.599 ms - 415[0m
[0mGET /api/v1/friends/ [36m304[0m 57.455 ms - -[0m
[0mPOST /api/v1/users/profile [32m200[0m 57.574 ms - 415[0m
[0mGET /api/v1/posts [36m304[0m 115.148 ms - -[0m
[0mGET /api/v1/friends/ [36m304[0m 60.198 ms - -[0m
[0mGET /api/v1/posts [36m304[0m 144.710 ms - -[0m
[0mPOST /api/v1/users/profile [32m200[0m 58.288 ms - 415[0m
[0mGET /api/v1/friends/ [36m304[0m 52.126 ms - -[0m
[0mGET /api/v1/posts [36m304[0m 133.258 ms - -[0m
[0mPOST /api/v1/users/profile [32m200[0m 58.244 ms - 415[0m
[0mGET /api/v1/friends/ [36m304[0m 53.236 ms - -[0m
[0mPOST /api/v1/users/profile [32m200[0m 59.224 ms - 415[0m
[0mGET /api/v1/posts [36m304[0m 131.489 ms - -[0m
[0mGET /api/v1/friends/ [36m304[0m 53.330 ms - -[0m
[0mPOST /api/v1/users/profile [32m200[0m 100.049 ms - 415[0m
[0mGET /api/v1/posts [36m304[0m 196.855 ms - -[0m
[0mGET /api/v1/friends/ [36m304[0m 50.588 ms - -[0m
[0mPOST /api/v1/users/profile [33m401[0m 4.629 ms - -[0m
[0mGET /api/v1/posts [36m304[0m 214.565 ms - -[0m
[0mPOST /api/v1/auth/create-session [32m200[0m 233.992 ms - 614[0m
[0mGET /api/v1/friends/ [32m200[0m 165.082 ms - 172[0m
[0mPOST /api/v1/users/profile [32m200[0m 66.049 ms - 353[0m
[0mGET /api/v1/posts [36m304[0m 123.315 ms - -[0m
[0mGET /api/v1/friends/ [36m304[0m 159.062 ms - -[0m
[0mPOST /api/v1/search/?key=bo&type=user [32m200[0m 147.099 ms - 39[0m
[0mPOST /api/v1/search/?key=bot&type=user [32m200[0m 105.648 ms - 39[0m
[0mPOST /api/v1/search/?key=Bo&type=user [32m200[0m 102.919 ms - 189[0m
[0mGET /api/v1/posts [36m304[0m 108.597 ms - -[0m
[0mPOST /api/v1/users/profile [32m200[0m 51.111 ms - 353[0m
[0mGET /api/v1/friends/ [36m304[0m 171.664 ms - -[0m
[0mPOST /api/v1/search/?key=as&type=user [32m200[0m 110.709 ms - 39[0m
[0mPOST /api/v1/search/?key=asd&type=user [32m200[0m 105.401 ms - 39[0m
[0mPOST /api/v1/search/?key=as&type=user [32m200[0m 103.628 ms - 39[0m
[0mPOST /api/v1/search/?key=No&type=user [32m200[0m 97.660 ms - 39[0m
[0mPOST /api/v1/search/?key=Nod&type=user [32m200[0m 102.867 ms - 39[0m
[0mPOST /api/v1/search/?key=No&type=user [32m200[0m 102.755 ms - 39[0m
[0mPOST /api/v1/search/?key=no&type=user [32m200[0m 118.060 ms - 99[0m
[0mPOST /api/v1/users/profile [32m200[0m 52.981 ms - 353[0m
[0mGET /api/v1/posts [36m304[0m 109.599 ms - -[0m
[0mGET /api/v1/friends/ [36m304[0m 148.855 ms - -[0m
[0mPOST /api/v1/search/?key=no&type=user [32m200[0m 103.210 ms - 99[0m
[0mPOST /api/v1/search/?key=Bo&type=user [32m200[0m 149.730 ms - 189[0m
[0mPOST /api/v1/search/?key=Bot&type=user [32m200[0m 124.729 ms - 189[0m
[0mPOST /api/v1/users/get-user/?id=60007224f7937246c937e4d2&type=undefined [32m200[0m 241.262 ms - 652[0m
[0mGET /api/v1/posts [36m304[0m 138.762 ms - -[0m
[0mPOST /api/v1/users/profile [33m401[0m 1.791 ms - -[0m
[0mPOST /api/v1/auth/create-session [32m200[0m 196.835 ms - 614[0m
[0mGET /api/v1/friends/ [36m304[0m 369.580 ms - -[0m
[0mPOST /api/v1/users/profile [33m401[0m 0.672 ms - -[0m
[0mGET /api/v1/posts [32m200[0m 107.291 ms - 1194[0m
[0mPOST /api/v1/auth/create-session [32m200[0m 214.404 ms - 615[0m
[0mGET /api/v1/friends/ [32m200[0m 162.001 ms - 172[0m
[0mPOST /api/v1/search/?key=no&type=user [32m200[0m 103.403 ms - 99[0m
[0mPOST /api/v1/auth/create-session [32m200[0m 231.063 ms - 615[0m
[0mGET /api/v1/friends/ [36m304[0m 173.387 ms - -[0m
[0mPOST /api/v1/users/profile [32m200[0m 69.818 ms - 353[0m
[0mGET /api/v1/posts [36m304[0m 135.904 ms - -[0m
[0mGET /api/v1/friends/ [36m304[0m 157.534 ms - -[0m
[0mGET /api/v1/posts [36m304[0m 110.114 ms - -[0m
[0mPOST /api/v1/users/profile [32m200[0m 57.054 ms - 353[0m
[0mGET /api/v1/friends/ [36m304[0m 153.863 ms - -[0m
[0mPOST /api/v1/search/?key=no&type=user [32m200[0m 105.166 ms - 99[0m
[0mPOST /api/v1/users/profile [32m200[0m 56.356 ms - 353[0m
[0mGET /api/v1/posts [36m304[0m 122.017 ms - -[0m
[0mGET /api/v1/friends/ [36m304[0m 157.910 ms - -[0m
[0mGET /api/v1/posts [36m304[0m 105.236 ms - -[0m
[0mPOST /api/v1/users/profile [32m200[0m 51.651 ms - 353[0m
[0mGET /api/v1/friends/ [36m304[0m 155.011 ms - -[0m
[0mPOST /api/v1/search/?key=no&type=user [32m200[0m 119.912 ms - 99[0m
[0mPOST /api/v1/search/?key=nod&type=user [32m200[0m 107.868 ms - 99[0m
[0mPOST /api/v1/users/profile [33m401[0m 2.687 ms - -[0m
[0mGET /api/v1/posts [36m304[0m 146.676 ms - -[0m
[0mPOST /api/v1/auth/create-session [32m200[0m 248.596 ms - 615[0m
[0mGET /api/v1/friends/ [36m304[0m 210.821 ms - -[0m
[0mPOST /api/v1/search/?key=re&type=user [32m200[0m 105.138 ms - 100[0m
[0mPOST /api/v1/search/?key=rea&type=user [32m200[0m 116.778 ms - 100[0m
[0mPOST /api/v1/auth/create-session [32m200[0m 215.603 ms - 641[0m
[0mGET /api/v1/friends/ [36m304[0m 168.112 ms - -[0m
[0mPOST /api/v1/users/profile [32m200[0m 50.187 ms - 379[0m
[0mGET /api/v1/posts [36m304[0m 105.006 ms - -[0m
[0mGET /api/v1/friends/ [36m304[0m 154.987 ms - -[0m
[0mPOST /api/v1/users/profile [32m200[0m 63.880 ms - 379[0m
[0mGET /api/v1/posts [36m304[0m 124.867 ms - -[0m
[0mGET /api/v1/friends/ [36m304[0m 180.325 ms - -[0m
[0mPOST /api/v1/search/?key=no&type=user [32m200[0m 101.672 ms - 99[0m
[0mPOST /api/v1/search/?key=non&type=user [32m200[0m 100.681 ms - 39[0m
[0mPOST /api/v1/search/?key=no&type=user [32m200[0m 222.242 ms - 99[0m
[0mGET /api/v1/posts [32m200[0m 68.103 ms - 31[0m
[0mPOST /api/v1/users/profile [33m401[0m 52.518 ms - -[0m
[0mPOST /api/v1/auth/google [32m200[0m 157.365 ms - 605[0m
[0mPOST /api/v1/posts/create [32m200[0m 452.087 ms - 409[0m
[0mPOST /api/v1/auth/create-user [32m200[0m 212.806 ms - 347[0m
[0mPOST /api/v1/posts/create [33m401[0m 0.647 ms - -[0m
[0mPOST /api/v1/auth/create-user [32m200[0m 223.056 ms - 346[0m
[0mGET /api/v1/posts [32m200[0m 107.929 ms - 383[0m
[0mPOST /api/v1/users/profile [33m401[0m 0.925 ms - -[0m
[0mPOST /api/v1/auth/create-session [32m200[0m 132.558 ms - 535[0m
[0mGET /api/v1/friends/ [32m200[0m 55.829 ms - 37[0m
[0mPOST /api/v1/posts/create [32m200[0m 239.934 ms - 301[0m
[0mPOST /api/v1/auth/create-session [32m200[0m 139.383 ms - 536[0m
[0mGET /api/v1/friends/ [36m304[0m 59.100 ms - -[0m
[0mPOST /api/v1/posts/create [32m200[0m 241.246 ms - 305[0m
[0mPOST /api/v1/likes/toggle/?id=60084f110249f2739e522f99&type=Post [32m200[0m 347.043 ms - 19[0m
[0mPOST /api/v1/likes/toggle/?id=60084eb30249f2739e522f95&type=Post [32m200[0m 377.623 ms - 19[0m
[0mPOST /api/v1/users/profile [32m200[0m 51.109 ms - 310[0m
[0mGET /api/v1/posts [32m200[0m 104.218 ms - 929[0m
[0mGET /api/v1/friends/ [36m304[0m 48.709 ms - -[0m
[0mPOST /api/v1/search/?key=no&type=user [32m200[0m 108.664 ms - 99[0m
[0mPOST /api/v1/search/?key=non&type=user [32m200[0m 106.468 ms - 39[0m
[0mPOST /api/v1/search/?key=no&type=user [32m200[0m 139.180 ms - 99[0m
[0mPOST /api/v1/search/?key=nod&type=user [32m200[0m 109.679 ms - 99[0m
[0mGET /api/v1/posts [32m200[0m 109.390 ms - 929[0m
[0mPOST /api/v1/users/profile [33m401[0m 50.894 ms - -[0m
[0mPOST /api/v1/auth/create-session [32m200[0m 140.150 ms - 535[0m
[0mGET /api/v1/friends/ [32m200[0m 51.616 ms - 37[0m
[0mGET /api/v1/posts [36m304[0m 110.634 ms - -[0m
[0mPOST /api/v1/users/profile [32m200[0m 61.324 ms - 335[0m
[0mGET /api/v1/friends/ [36m304[0m 296.231 ms - -[0m
[0mPOST /api/v1/search/?key=re&type=user [32m200[0m 106.773 ms - 100[0m
[0mPOST /api/v1/auth/create-session [32m200[0m 153.036 ms - 561[0m
[0mGET /api/v1/friends/ [36m304[0m 61.684 ms - -[0m
[0mPOST /api/v1/auth/create-session [32m200[0m 196.210 ms - 561[0m
[0mGET /api/v1/friends/ [36m304[0m 59.554 ms - -[0m
[0mPOST /api/v1/auth/create-session [32m200[0m 185.081 ms - 561[0m
[0mGET /api/v1/friends/ [36m304[0m 60.952 ms - -[0m
[0mPOST /api/v1/auth/create-session [32m200[0m 151.532 ms - 562[0m
[0mGET /api/v1/friends/ [36m304[0m 72.821 ms - -[0m
[0mPOST /api/v1/auth/create-session [32m200[0m 166.612 ms - 561[0m
[0mGET /api/v1/friends/ [36m304[0m 53.153 ms - -[0m
[0mGET /api/v1/posts [36m304[0m 181.725 ms - -[0m
[0mPOST /api/v1/users/profile [32m200[0m 116.944 ms - 336[0m
[0mGET /api/v1/friends/ [36m304[0m 55.733 ms - -[0m
[0mPOST /api/v1/auth/create-session [32m200[0m 190.988 ms - 561[0m
[0mGET /api/v1/friends/ [36m304[0m 81.865 ms - -[0m
[0mPOST /api/v1/auth/create-session [32m200[0m 170.679 ms - 561[0m
[0mGET /api/v1/friends/ [36m304[0m 70.947 ms - -[0m
[0mGET /api/v1/posts [36m304[0m 133.228 ms - -[0m
[0mPOST /api/v1/users/profile [32m200[0m 57.181 ms - 335[0m
[0mGET /api/v1/friends/ [36m304[0m 56.802 ms - -[0m
[0mPOST /api/v1/auth/create-session [32m200[0m 132.479 ms - 561[0m
[0mGET /api/v1/friends/ [36m304[0m 56.141 ms - -[0m
[0mGET /api/v1/posts [36m304[0m 155.658 ms - -[0m
[0mPOST /api/v1/users/profile [33m401[0m 1.531 ms - -[0m
[0mPOST /api/v1/auth/create-session [32m200[0m 187.016 ms - 561[0m
[0mGET /api/v1/friends/ [36m304[0m 190.620 ms - -[0m
[0mPOST /api/v1/auth/create-session [32m200[0m 138.378 ms - 561[0m
[0mGET /api/v1/friends/ [36m304[0m 52.983 ms - -[0m
[0mPOST /api/v1/search/?key=vv&type=user [32m200[0m 113.823 ms - 39[0m
[0mPOST /api/v1/auth/create-session [32m200[0m 207.193 ms - 561[0m
[0mGET /api/v1/friends/ [36m304[0m 71.964 ms - -[0m
[0mGET / [32m200[0m 270.494 ms - 4030[0m
[0mGET /favicon.ico [33m404[0m 3.287 ms - 150[0m
[0mPOST /api/v1/auth/create-session [32m200[0m 174.776 ms - 561[0m
[0mGET /api/v1/friends/ [36m304[0m 55.544 ms - -[0m
[0mGET /api/v1/posts [36m304[0m 112.742 ms - -[0m
[0mPOST /api/v1/users/profile [32m200[0m 51.697 ms - 335[0m
[0mGET /api/v1/friends/ [36m304[0m 76.529 ms - -[0m
[0mPOST /api/v1/auth/create-session [32m200[0m 187.895 ms - 561[0m
[0mGET /api/v1/friends/ [36m304[0m 52.540 ms - -[0m
[0mPOST /api/v1/auth/create-session [32m200[0m 161.287 ms - 562[0m
[0mGET /api/v1/friends/ [36m304[0m 63.815 ms - -[0m
[0mPOST /api/v1/users/profile [33m401[0m 0.396 ms - -[0m
[0mGET /api/v1/posts [36m304[0m 105.958 ms - -[0m
[0mPOST /api/v1/auth/create-session [32m200[0m 128.770 ms - 562[0m
[0mGET /api/v1/friends/ [36m304[0m 49.584 ms - -[0m
[0mPOST /api/v1/auth/create-session [32m200[0m 188.161 ms - 562[0m
[0mGET /api/v1/friends/ [36m304[0m 51.347 ms - -[0m
[0mPOST /api/v1/users/profile [32m200[0m 63.176 ms - 336[0m
[0mGET /api/v1/posts [36m304[0m 103.500 ms - -[0m
[0mPOST /api/v1/users/profile [32m200[0m 60.622 ms - 336[0m
[0mGET /api/v1/posts [36m304[0m 107.239 ms - -[0m
[0mGET /api/v1/friends/ [36m304[0m 84.580 ms - -[0m
[0mGET /api/v1/posts [36m304[0m 104.579 ms - -[0m
[0mPOST /api/v1/users/profile [32m200[0m 52.600 ms - 336[0m
[0mGET /api/v1/friends/ [36m304[0m 56.411 ms - -[0m
[0mPOST /api/v1/users/profile [32m200[0m 48.851 ms - 336[0m
[0mGET /api/v1/posts [36m304[0m 102.402 ms - -[0m
[0mGET /api/v1/posts [36m304[0m 103.742 ms - -[0m
[0mPOST /api/v1/users/profile [33m401[0m 0.951 ms - -[0m
[0mGET /api/v1/friends/ [36m304[0m 48.934 ms - -[0m
[0mPOST /api/v1/users/profile [32m200[0m 53.267 ms - 336[0m
[0mGET /api/v1/posts [36m304[0m 119.827 ms - -[0m
[0mGET /api/v1/friends/ [36m304[0m 52.619 ms - -[0m
[0mPOST /api/v1/auth/create-session [32m200[0m 129.466 ms - 562[0m
[0mGET /api/v1/friends/ [36m304[0m 49.923 ms - -[0m
[0mPOST /api/v1/users/profile [33m401[0m 0.642 ms - -[0m
[0mGET /api/v1/posts [36m304[0m 102.659 ms - -[0m
[0mPOST /api/v1/users/profile [33m401[0m 0.504 ms - -[0m
[0mGET /api/v1/posts [36m304[0m 124.902 ms - -[0m
[0mPOST /api/v1/auth/create-session [32m200[0m 139.885 ms - 562[0m
[0mGET /api/v1/friends/ [36m304[0m 55.763 ms - -[0m
[0mGET /api/v1/posts [36m304[0m 103.116 ms - -[0m
[0mPOST /api/v1/users/profile [32m200[0m 52.623 ms - 336[0m
[0mGET /api/v1/friends/ [36m304[0m 52.892 ms - -[0m
[0mPOST /api/v1/auth/create-session [32m200[0m 165.966 ms - 562[0m
[0mGET /api/v1/friends/ [36m304[0m 106.712 ms - -[0m
[0mGET /api/v1/posts [36m304[0m 280.084 ms - -[0m
[0mGET /api/v1/posts [36m304[0m 302.988 ms - -[0m
[0mPOST /api/v1/users/profile [33m401[0m 0.590 ms - -[0m
[0mPOST /api/v1/users/profile [32m200[0m 58.049 ms - 336[0m
[0mGET /api/v1/friends/ [36m304[0m 50.741 ms - -[0m
[0mGET /api/v1/posts [36m304[0m 101.945 ms - -[0m
[0mPOST /api/v1/users/profile [33m401[0m 0.623 ms - -[0m
[0mGET /api/v1/posts [36m304[0m 108.539 ms - -[0m
[0mPOST /api/v1/users/profile [32m200[0m 51.158 ms - 336[0m
[0mGET /api/v1/friends/ [36m304[0m 50.329 ms - -[0m
[0mGET /api/v1/posts [36m304[0m 105.899 ms - -[0m
[0mGET /api/v1/posts [36m304[0m 100.547 ms - -[0m
[0mPOST /api/v1/users/profile [33m401[0m 0.366 ms - -[0m
[0mPOST /api/v1/users/profile [32m200[0m 47.536 ms - 336[0m
[0mGET /api/v1/friends/ [36m304[0m 53.617 ms - -[0m
[0mGET /api/v1/posts [36m304[0m 116.815 ms - -[0m
[0mPOST /api/v1/users/profile [32m200[0m 51.242 ms - 336[0m
[0mGET /api/v1/friends/ [36m304[0m 47.851 ms - -[0m
[0mPOST /api/v1/users/profile [33m401[0m 0.340 ms - -[0m
[0mGET /api/v1/posts [36m304[0m 103.671 ms - -[0m
[0mPOST /api/v1/users/profile [33m401[0m 0.497 ms - -[0m
[0mGET /api/v1/posts [36m304[0m 98.687 ms - -[0m
[0mPOST /api/v1/auth/create-session [32m200[0m 163.379 ms - 561[0m
[0mGET /api/v1/friends/ [36m304[0m 47.279 ms - -[0m
[0mPOST /api/v1/auth/create-session [32m200[0m 166.095 ms - 561[0m
[0mGET /api/v1/friends/ [36m304[0m 49.201 ms - -[0m
[0mPOST /api/v1/auth/create-session [32m200[0m 171.612 ms - 562[0m
[0mGET /api/v1/friends/ [36m304[0m 49.176 ms - -[0m
[0mPOST /api/v1/users/profile [33m401[0m 3.371 ms - -[0m
[0mGET /api/v1/posts [36m304[0m 197.194 ms - -[0m
[0mPOST /api/v1/search/?key=no&type=any [33m401[0m 0.774 ms - -[0m
[0mPOST /api/v1/search/?key=nod&type=any [33m401[0m 0.727 ms - -[0m
[0mPOST /api/v1/search/?key=node&type=any [33m401[0m 0.727 ms - -[0m
[0mPOST /api/v1/search/?key=nod&type=any [33m401[0m 2.670 ms - -[0m
[0mPOST /api/v1/search/?key=no&type=any [33m401[0m 0.939 ms - -[0m
[0mPOST /api/v1/auth/create-session [32m200[0m 179.490 ms - 562[0m
[0mPOST /api/v1/users/profile [32m200[0m 57.051 ms - 336[0m
[0mGET /api/v1/posts [36m304[0m 115.447 ms - -[0m
[0mGET /api/v1/friends/ [36m304[0m 53.115 ms - -[0m
[0mPOST /api/v1/users/profile [32m200[0m 49.380 ms - 336[0m
[0mGET /api/v1/posts [36m304[0m 121.774 ms - -[0m
[0mGET /api/v1/friends/ [36m304[0m 61.515 ms - -[0m
