[0mPOST /api/v1/search/?key=he&type=any [32m200[0m 289.399 ms - 476[0m
[0mPOST /api/v1/auth/google [32m200[0m 56.035 ms - 592[0m
[0mPOST /api/v1/users/profile [33m401[0m 5.941 ms - -[0m
[0mGET /api/v1/posts [36m304[0m 214.983 ms - -[0m
[0mPOST /api/v1/users/profile [33m401[0m 4.893 ms - -[0m
[0mGET /api/v1/posts [36m304[0m 213.137 ms - -[0m
[0mPOST /api/v1/users/profile [33m401[0m 8.817 ms - -[0m
[0mGET /api/v1/posts [36m304[0m 226.230 ms - -[0m
[0mGET / [32m200[0m 189.117 ms - 4670[0m
[0mGET /favicon.ico [33m404[0m 53.322 ms - 150[0m
[0mGET / [32m200[0m 208.502 ms - 4670[0m
[0mGET / [36m304[0m 210.401 ms - -[0m
[0mPOST /api/v1/users/profile [33m401[0m 4.510 ms - -[0m
[0mGET /api/v1/posts [32m200[0m 190.906 ms - 1194[0m
[0mPOST /api/v1/users/profile [33m401[0m 1.766 ms - -[0m
[0mGET /api/v1/posts [36m304[0m 108.818 ms - -[0m
[0mPOST /api/v1/users/profile [33m401[0m 0.470 ms - -[0m
[0mGET /api/v1/posts [36m304[0m 106.398 ms - -[0m
[0mPOST /api/v1/users/profile [33m401[0m 1.108 ms - -[0m
[0mGET /api/v1/posts [32m200[0m 107.037 ms - 1194[0m
[0mPOST /api/v1/users/profile [33m401[0m 9.649 ms - -[0m
[0mGET /api/v1/posts [32m200[0m 134.364 ms - 1194[0m
[0mPOST /api/v1/users/profile [33m401[0m 8.656 ms - -[0m
[0mGET /api/v1/posts [36m304[0m 198.490 ms - -[0m
[0mPOST /api/v1/users/profile [33m401[0m 5.834 ms - -[0m
[0mGET /api/v1/posts [36m304[0m 149.608 ms - -[0m
[0mPOST /api/v1/users/profile [33m401[0m 8.858 ms - -[0m
[0mGET /api/v1/posts [36m304[0m 159.720 ms - -[0m
[0mPOST /api/v1/users/profile [33m401[0m 1.848 ms - -[0m
[0mGET /api/v1/posts [36m304[0m 114.637 ms - -[0m
[0mPOST /api/v1/users/profile [33m401[0m 0.956 ms - -[0m
[0mGET /api/v1/posts [36m304[0m 104.570 ms - -[0m
[0mPOST /api/v1/auth/google [32m200[0m 61.901 ms - 592[0m
[0mPOST /api/v1/users/get-user/?id=60007224f7937246c937e4d2&type=undefined [32m200[0m 155.065 ms - 816[0m
[0mPOST /api/v1/auth/google [32m200[0m 51.803 ms - 592[0m
